{"meta": {"format": 3, "version": "7.13.1", "timestamp": "2026-01-22T11:46:03.639749", "branch_coverage": false, "show_contexts": false}, "files": {"filesqueeze\\__init__.py": {"executed_lines": [6, 8, 9, 10, 13, 15, 17, 29, 30, 32, 33, 35, 53, 65, 66, 68, 69], "summary": {"covered_lines": 17, "num_statements": 24, "percent_covered": 70.83333333333333, "percent_covered_display": "71", "missing_lines": 7, "excluded_lines": 0, "percent_statements_covered": 70.83333333333333, "percent_statements_covered_display": "71"}, "missing_lines": [31, 47, 48, 49, 50, 51, 67], "excluded_lines": [], "functions": {"make_video": {"executed_lines": [29, 30, 32, 33], "summary": {"covered_lines": 4, "num_statements": 5, "percent_covered": 80.0, "percent_covered_display": "80", "missing_lines": 1, "excluded_lines": 0, "percent_statements_covered": 80.0, "percent_statements_covered_display": "80"}, "missing_lines": [31], "excluded_lines": [], "start_line": 17}, "make_pdf": {"executed_lines": [], "summary": {"covered_lines": 0, "num_statements": 5, "percent_covered": 0.0, "percent_covered_display": "0", "missing_lines": 5, "excluded_lines": 0, "percent_statements_covered": 0.0, "percent_statements_covered_display": "0"}, "missing_lines": [47, 48, 49, 50, 51], "excluded_lines": [], "start_line": 35}, "make_image": {"executed_lines": [65, 66, 68, 69], "summary": {"covered_lines": 4, "num_statements": 5, "percent_covered": 80.0, "percent_covered_display": "80", "missing_lines": 1, "excluded_lines": 0, "percent_statements_covered": 80.0, "percent_statements_covered_display": "80"}, "missing_lines": [67], "excluded_lines": [], "start_line": 53}, "": {"executed_lines": [6, 8, 9, 10, 13, 15, 17, 35, 53], "summary": {"covered_lines": 9, "num_statements": 9, "percent_covered": 100.0, "percent_covered_display": "100", "missing_lines": 0, "excluded_lines": 0, "percent_statements_covered": 100.0, "percent_statements_covered_display": "100"}, "missing_lines": [], "excluded_lines": [], "start_line": 1}}, "classes": {"": {"executed_lines": [6, 8, 9, 10, 13, 15, 17, 29, 30, 32, 33, 35, 53, 65, 66, 68, 69], "summary": {"covered_lines": 17, "num_statements": 24, "percent_covered": 70.83333333333333, "percent_covered_display": "71", "missing_lines": 7, "excluded_lines": 0, "percent_statements_covered": 70.83333333333333, "percent_statements_covered_display": "71"}, "missing_lines": [31, 47, 48, 49, 50, 51, 67], "excluded_lines": [], "start_line": 1}}}, "filesqueeze\\__main__.py": {"executed_lines": [], "summary": {"covered_lines": 0, "num_statements": 3, "percent_covered": 0.0, "percent_covered_display": "0", "missing_lines": 3, "excluded_lines": 0, "percent_statements_covered": 0.0, "percent_statements_covered_display": "0"}, "missing_lines": [3, 5, 6], "excluded_lines": [], "functions": {"": {"executed_lines": [], "summary": {"covered_lines": 0, "num_statements": 3, "percent_covered": 0.0, "percent_covered_display": "0", "missing_lines": 3, "excluded_lines": 0, "percent_statements_covered": 0.0, "percent_statements_covered_display": "0"}, "missing_lines": [3, 5, 6], "excluded_lines": [], "start_line": 1}}, "classes": {"": {"executed_lines": [], "summary": {"covered_lines": 0, "num_statements": 3, "percent_covered": 0.0, "percent_covered_display": "0", "missing_lines": 3, "excluded_lines": 0, "percent_statements_covered": 0.0, "percent_statements_covered_display": "0"}, "missing_lines": [3, 5, 6], "excluded_lines": [], "start_line": 1}}}, "filesqueeze\\autostart.py": {"executed_lines": [], "summary": {"covered_lines": 0, "num_statements": 54, "percent_covered": 0.0, "percent_covered_display": "0", "missing_lines": 54, "excluded_lines": 0, "percent_statements_covered": 0.0, "percent_statements_covered_display": "0"}, "missing_lines": [6, 7, 8, 11, 17, 20, 29, 30, 33, 34, 36, 37, 39, 42, 53, 56, 59, 62, 65, 71, 72, 74, 77, 90, 91, 93, 96, 98, 99, 100, 101, 102, 103, 104, 106, 109, 118, 119, 121, 122, 124, 125, 126, 127, 128, 130, 131, 132, 135, 144, 145, 147, 148, 150], "excluded_lines": [], "functions": {"is_windows": {"executed_lines": [], "summary": {"covered_lines": 0, "num_statements": 1, "percent_covered": 0.0, "percent_covered_display": "0", "missing_lines": 1, "excluded_lines": 0, "percent_statements_covered": 0.0, "percent_statements_covered_display": "0"}, "missing_lines": [17], "excluded_lines": [], "start_line": 11}, "get_startup_folder": {"executed_lines": [], "summary": {"covered_lines": 0, "num_statements": 7, "percent_covered": 0.0, "percent_covered_display": "0", "missing_lines": 7, "excluded_lines": 0, "percent_statements_covered": 0.0, "percent_statements_covered_display": "0"}, "missing_lines": [29, 30, 33, 34, 36, 37, 39], "excluded_lines": [], "start_line": 20}, "create_batch_file": {"executed_lines": [], "summary": {"covered_lines": 0, "num_statements": 8, "percent_covered": 0.0, "percent_covered_display": "0", "missing_lines": 8, "excluded_lines": 0, "percent_statements_covered": 0.0, "percent_statements_covered_display": "0"}, "missing_lines": [53, 56, 59, 62, 65, 71, 72, 74], "excluded_lines": [], "start_line": 42}, "install_autostart": {"executed_lines": [], "summary": {"covered_lines": 0, "num_statements": 12, "percent_covered": 0.0, "percent_covered_display": "0", "missing_lines": 12, "excluded_lines": 0, "percent_statements_covered": 0.0, "percent_statements_covered_display": "0"}, "missing_lines": [90, 91, 93, 96, 98, 99, 100, 101, 102, 103, 104, 106], "excluded_lines": [], "start_line": 77}, "uninstall_autostart": {"executed_lines": [], "summary": {"covered_lines": 0, "num_statements": 12, "percent_covered": 0.0, "percent_covered_display": "0", "missing_lines": 12, "excluded_lines": 0, "percent_statements_covered": 0.0, "percent_statements_covered_display": "0"}, "missing_lines": [118, 119, 121, 122, 124, 125, 126, 127, 128, 130, 131, 132], "excluded_lines": [], "start_line": 109}, "check_autostart_installed": {"executed_lines": [], "summary": {"covered_lines": 0, "num_statements": 5, "percent_covered": 0.0, "percent_covered_display": "0", "missing_lines": 5, "excluded_lines": 0, "percent_statements_covered": 0.0, "percent_statements_covered_display": "0"}, "missing_lines": [144, 145, 147, 148, 150], "excluded_lines": [], "start_line": 135}, "": {"executed_lines": [], "summary": {"covered_lines": 0, "num_statements": 9, "percent_covered": 0.0, "percent_covered_display": "0", "missing_lines": 9, "excluded_lines": 0, "percent_statements_covered": 0.0, "percent_statements_covered_display": "0"}, "missing_lines": [6, 7, 8, 11, 20, 42, 77, 109, 135], "excluded_lines": [], "start_line": 1}}, "classes": {"": {"executed_lines": [], "summary": {"covered_lines": 0, "num_statements": 54, "percent_covered": 0.0, "percent_covered_display": "0", "missing_lines": 54, "excluded_lines": 0, "percent_statements_covered": 0.0, "percent_statements_covered_display": "0"}, "missing_lines": [6, 7, 8, 11, 17, 20, 29, 30, 33, 34, 36, 37, 39, 42, 53, 56, 59, 62, 65, 71, 72, 74, 77, 90, 91, 93, 96, 98, 99, 100, 101, 102, 103, 104, 106, 109, 118, 119, 121, 122, 124, 125, 126, 127, 128, 130, 131, 132, 135, 144, 145, 147, 148, 150], "excluded_lines": [], "start_line": 1}}}, "filesqueeze\\binaries.py": {"executed_lines": [], "summary": {"covered_lines": 0, "num_statements": 162, "percent_covered": 0.0, "percent_covered_display": "0", "missing_lines": 162, "excluded_lines": 0, "percent_statements_covered": 0.0, "percent_statements_covered_display": "0"}, "missing_lines": [6, 7, 8, 9, 10, 13, 17, 24, 29, 35, 41, 47, 53, 55, 56, 58, 65, 66, 69, 70, 72, 74, 81, 82, 85, 86, 88, 90, 97, 98, 101, 102, 104, 106, 112, 119, 120, 126, 127, 133, 134, 140, 142, 151, 152, 158, 159, 160, 162, 168, 169, 171, 172, 173, 176, 177, 178, 180, 182, 188, 189, 190, 191, 192, 194, 196, 202, 203, 205, 206, 208, 209, 211, 212, 213, 214, 217, 218, 219, 220, 222, 224, 230, 231, 232, 233, 234, 236, 238, 244, 245, 247, 248, 249, 251, 253, 259, 260, 261, 262, 263, 265, 268, 274, 275, 278, 280, 282, 283, 284, 285, 286, 289, 290, 291, 292, 294, 295, 296, 299, 300, 301, 302, 304, 305, 306, 309, 310, 311, 312, 314, 315, 316, 319, 320, 321, 322, 323, 324, 325, 326, 327, 328, 329, 330, 332, 333, 334, 335, 336, 337, 338, 340, 343, 345, 347, 349, 350, 351, 354, 357, 358], "excluded_lines": [], "functions": {"BinaryDetector.__init__": {"executed_lines": [], "summary": {"covered_lines": 0, "num_statements": 2, "percent_covered": 0.0, "percent_covered_display": "0", "missing_lines": 2, "excluded_lines": 0, "percent_statements_covered": 0.0, "percent_statements_covered_display": "0"}, "missing_lines": [55, 56], "excluded_lines": [], "start_line": 53}, "BinaryDetector.find_ffmpeg": {"executed_lines": [], "summary": {"covered_lines": 0, "num_statements": 5, "percent_covered": 0.0, "percent_covered_display": "0", "missing_lines": 5, "excluded_lines": 0, "percent_statements_covered": 0.0, "percent_statements_covered_display": "0"}, "missing_lines": [65, 66, 69, 70, 72], "excluded_lines": [], "start_line": 58}, "BinaryDetector.find_ghostscript": {"executed_lines": [], "summary": {"covered_lines": 0, "num_statements": 5, "percent_covered": 0.0, "percent_covered_display": "0", "missing_lines": 5, "excluded_lines": 0, "percent_statements_covered": 0.0, "percent_statements_covered_display": "0"}, "missing_lines": [81, 82, 85, 86, 88], "excluded_lines": [], "start_line": 74}, "BinaryDetector.find_tesseract": {"executed_lines": [], "summary": {"covered_lines": 0, "num_statements": 5, "percent_covered": 0.0, "percent_covered_display": "0", "missing_lines": 5, "excluded_lines": 0, "percent_statements_covered": 0.0, "percent_statements_covered_display": "0"}, "missing_lines": [97, 98, 101, 102, 104], "excluded_lines": [], "start_line": 90}, "BinaryDetector.detect_all": {"executed_lines": [], "summary": {"covered_lines": 0, "num_statements": 8, "percent_covered": 0.0, "percent_covered_display": "0", "missing_lines": 8, "excluded_lines": 0, "percent_statements_covered": 0.0, "percent_statements_covered_display": "0"}, "missing_lines": [112, 119, 120, 126, 127, 133, 134, 140], "excluded_lines": [], "start_line": 106}, "BinaryDetector._check_command": {"executed_lines": [], "summary": {"covered_lines": 0, "num_statements": 5, "percent_covered": 0.0, "percent_covered_display": "0", "missing_lines": 5, "excluded_lines": 0, "percent_statements_covered": 0.0, "percent_statements_covered_display": "0"}, "missing_lines": [151, 152, 158, 159, 160], "excluded_lines": [], "start_line": 142}, "BinaryDetector._find_ffmpeg_windows": {"executed_lines": [], "summary": {"covered_lines": 0, "num_statements": 9, "percent_covered": 0.0, "percent_covered_display": "0", "missing_lines": 9, "excluded_lines": 0, "percent_statements_covered": 0.0, "percent_statements_covered_display": "0"}, "missing_lines": [168, 169, 171, 172, 173, 176, 177, 178, 180], "excluded_lines": [], "start_line": 162}, "BinaryDetector._find_ffmpeg_linux": {"executed_lines": [], "summary": {"covered_lines": 0, "num_statements": 6, "percent_covered": 0.0, "percent_covered_display": "0", "missing_lines": 6, "excluded_lines": 0, "percent_statements_covered": 0.0, "percent_statements_covered_display": "0"}, "missing_lines": [188, 189, 190, 191, 192, 194], "excluded_lines": [], "start_line": 182}, "BinaryDetector._find_ghostscript_windows": {"executed_lines": [], "summary": {"covered_lines": 0, "num_statements": 15, "percent_covered": 0.0, "percent_covered_display": "0", "missing_lines": 15, "excluded_lines": 0, "percent_statements_covered": 0.0, "percent_statements_covered_display": "0"}, "missing_lines": [202, 203, 205, 206, 208, 209, 211, 212, 213, 214, 217, 218, 219, 220, 222], "excluded_lines": [], "start_line": 196}, "BinaryDetector._find_ghostscript_linux": {"executed_lines": [], "summary": {"covered_lines": 0, "num_statements": 6, "percent_covered": 0.0, "percent_covered_display": "0", "missing_lines": 6, "excluded_lines": 0, "percent_statements_covered": 0.0, "percent_statements_covered_display": "0"}, "missing_lines": [230, 231, 232, 233, 234, 236], "excluded_lines": [], "start_line": 224}, "BinaryDetector._find_tesseract_windows": {"executed_lines": [], "summary": {"covered_lines": 0, "num_statements": 6, "percent_covered": 0.0, "percent_covered_display": "0", "missing_lines": 6, "excluded_lines": 0, "percent_statements_covered": 0.0, "percent_statements_covered_display": "0"}, "missing_lines": [244, 245, 247, 248, 249, 251], "excluded_lines": [], "start_line": 238}, "BinaryDetector._find_tesseract_linux": {"executed_lines": [], "summary": {"covered_lines": 0, "num_statements": 6, "percent_covered": 0.0, "percent_covered_display": "0", "missing_lines": 6, "excluded_lines": 0, "percent_statements_covered": 0.0, "percent_statements_covered_display": "0"}, "missing_lines": [259, 260, 261, 262, 263, 265], "excluded_lines": [], "start_line": 253}, "detect_binaries": {"executed_lines": [], "summary": {"covered_lines": 0, "num_statements": 2, "percent_covered": 0.0, "percent_covered_display": "0", "missing_lines": 2, "excluded_lines": 0, "percent_statements_covered": 0.0, "percent_statements_covered_display": "0"}, "missing_lines": [274, 275], "excluded_lines": [], "start_line": 268}, "print_detection_results": {"executed_lines": [], "summary": {"covered_lines": 0, "num_statements": 47, "percent_covered": 0.0, "percent_covered_display": "0", "missing_lines": 47, "excluded_lines": 0, "percent_statements_covered": 0.0, "percent_statements_covered_display": "0"}, "missing_lines": [280, 282, 283, 284, 285, 286, 289, 290, 291, 292, 294, 295, 296, 299, 300, 301, 302, 304, 305, 306, 309, 310, 311, 312, 314, 315, 316, 319, 320, 321, 322, 323, 324, 325, 326, 327, 328, 329, 330, 332, 333, 334, 335, 336, 337, 338, 340], "excluded_lines": [], "start_line": 278}, "main": {"executed_lines": [], "summary": {"covered_lines": 0, "num_statements": 6, "percent_covered": 0.0, "percent_covered_display": "0", "missing_lines": 6, "excluded_lines": 0, "percent_statements_covered": 0.0, "percent_statements_covered_display": "0"}, "missing_lines": [345, 347, 349, 350, 351, 354], "excluded_lines": [], "start_line": 343}, "": {"executed_lines": [], "summary": {"covered_lines": 0, "num_statements": 29, "percent_covered": 0.0, "percent_covered_display": "0", "missing_lines": 29, "excluded_lines": 0, "percent_statements_covered": 0.0, "percent_statements_covered_display": "0"}, "missing_lines": [6, 7, 8, 9, 10, 13, 17, 24, 29, 35, 41, 47, 53, 58, 74, 90, 106, 142, 162, 182, 196, 224, 238, 253, 268, 278, 343, 357, 358], "excluded_lines": [], "start_line": 1}}, "classes": {"BinaryDetector": {"executed_lines": [], "summary": {"covered_lines": 0, "num_statements": 78, "percent_covered": 0.0, "percent_covered_display": "0", "missing_lines": 78, "excluded_lines": 0, "percent_statements_covered": 0.0, "percent_statements_covered_display": "0"}, "missing_lines": [55, 56, 65, 66, 69, 70, 72, 81, 82, 85, 86, 88, 97, 98, 101, 102, 104, 112, 119, 120, 126, 127, 133, 134, 140, 151, 152, 158, 159, 160, 168, 169, 171, 172, 173, 176, 177, 178, 180, 188, 189, 190, 191, 192, 194, 202, 203, 205, 206, 208, 209, 211, 212, 213, 214, 217, 218, 219, 220, 222, 230, 231, 232, 233, 234, 236, 244, 245, 247, 248, 249, 251, 259, 260, 261, 262, 263, 265], "excluded_lines": [], "start_line": 13}, "": {"executed_lines": [], "summary": {"covered_lines": 0, "num_statements": 84, "percent_covered": 0.0, "percent_covered_display": "0", "missing_lines": 84, "excluded_lines": 0, "percent_statements_covered": 0.0, "percent_statements_covered_display": "0"}, "missing_lines": [6, 7, 8, 9, 10, 13, 17, 24, 29, 35, 41, 47, 53, 58, 74, 90, 106, 142, 162, 182, 196, 224, 238, 253, 268, 274, 275, 278, 280, 282, 283, 284, 285, 286, 289, 290, 291, 292, 294, 295, 296, 299, 300, 301, 302, 304, 305, 306, 309, 310, 311, 312, 314, 315, 316, 319, 320, 321, 322, 323, 324, 325, 326, 327, 328, 329, 330, 332, 333, 334, 335, 336, 337, 338, 340, 343, 345, 347, 349, 350, 351, 354, 357, 358], "excluded_lines": [], "start_line": 1}}}, "filesqueeze\\config.py": {"executed_lines": [7, 8, 9, 10, 12, 13, 18, 22, 68, 75, 76, 78, 81, 84, 85, 86, 89, 90, 91, 94, 95, 97, 99, 100, 102, 104, 105, 106, 107, 111, 113, 115, 117, 118, 119, 121, 123, 125, 126, 128, 135, 136, 138, 139, 140, 142, 144, 146, 148, 150, 151, 153, 155, 156, 158, 160, 161, 165, 166, 168, 170, 174], "summary": {"covered_lines": 62, "num_statements": 69, "percent_covered": 89.85507246376811, "percent_covered_display": "90", "missing_lines": 7, "excluded_lines": 0, "percent_statements_covered": 89.85507246376811, "percent_statements_covered_display": "90"}, "missing_lines": [14, 15, 108, 109, 163, 172, 175], "excluded_lines": [], "functions": {"Config.__init__": {"executed_lines": [75, 76], "summary": {"covered_lines": 2, "num_statements": 2, "percent_covered": 100.0, "percent_covered_display": "100", "missing_lines": 0, "excluded_lines": 0, "percent_statements_covered": 100.0, "percent_statements_covered_display": "100"}, "missing_lines": [], "excluded_lines": [], "start_line": 68}, "Config._load_configs": {"executed_lines": [81, 84, 85, 86, 89, 90, 91, 94, 95, 97, 99, 100], "summary": {"covered_lines": 12, "num_statements": 12, "percent_covered": 100.0, "percent_covered_display": "100", "missing_lines": 0, "excluded_lines": 0, "percent_statements_covered": 100.0, "percent_statements_covered_display": "100"}, "missing_lines": [], "excluded_lines": [], "start_line": 78}, "Config._merge_toml": {"executed_lines": [104, 105, 106, 107], "summary": {"covered_lines": 4, "num_statements": 6, "percent_covered": 66.66666666666667, "percent_covered_display": "67", "missing_lines": 2, "excluded_lines": 0, "percent_statements_covered": 66.66666666666667, "percent_statements_covered_display": "67"}, "missing_lines": [108, 109], "excluded_lines": [], "start_line": 102}, "Config._merge_dict": {"executed_lines": [113], "summary": {"covered_lines": 1, "num_statements": 1, "percent_covered": 100.0, "percent_covered_display": "100", "missing_lines": 0, "excluded_lines": 0, "percent_statements_covered": 100.0, "percent_statements_covered_display": "100"}, "missing_lines": [], "excluded_lines": [], "start_line": 111}, "Config._deep_merge": {"executed_lines": [117, 118, 119, 121], "summary": {"covered_lines": 4, "num_statements": 4, "percent_covered": 100.0, "percent_covered_display": "100", "missing_lines": 0, "excluded_lines": 0, "percent_statements_covered": 100.0, "percent_statements_covered_display": "100"}, "missing_lines": [], "excluded_lines": [], "start_line": 115}, "Config._deep_copy": {"executed_lines": [125, 126], "summary": {"covered_lines": 2, "num_statements": 2, "percent_covered": 100.0, "percent_covered_display": "100", "missing_lines": 0, "excluded_lines": 0, "percent_statements_covered": 100.0, "percent_statements_covered_display": "100"}, "missing_lines": [], "excluded_lines": [], "start_line": 123}, "Config.get": {"executed_lines": [135, 136, 138, 139, 140, 142, 144], "summary": {"covered_lines": 7, "num_statements": 7, "percent_covered": 100.0, "percent_covered_display": "100", "missing_lines": 0, "excluded_lines": 0, "percent_statements_covered": 100.0, "percent_statements_covered_display": "100"}, "missing_lines": [], "excluded_lines": [], "start_line": 128}, "Config.get_section": {"executed_lines": [148], "summary": {"covered_lines": 1, "num_statements": 1, "percent_covered": 100.0, "percent_covered_display": "100", "missing_lines": 0, "excluded_lines": 0, "percent_statements_covered": 100.0, "percent_statements_covered_display": "100"}, "missing_lines": [], "excluded_lines": [], "start_line": 146}, "Config.input_dir": {"executed_lines": [153], "summary": {"covered_lines": 1, "num_statements": 1, "percent_covered": 100.0, "percent_covered_display": "100", "missing_lines": 0, "excluded_lines": 0, "percent_statements_covered": 100.0, "percent_statements_covered_display": "100"}, "missing_lines": [], "excluded_lines": [], "start_line": 151}, "Config.output_dir": {"executed_lines": [158], "summary": {"covered_lines": 1, "num_statements": 1, "percent_covered": 100.0, "percent_covered_display": "100", "missing_lines": 0, "excluded_lines": 0, "percent_statements_covered": 100.0, "percent_statements_covered_display": "100"}, "missing_lines": [], "excluded_lines": [], "start_line": 156}, "Config.ffmpeg_path": {"executed_lines": [], "summary": {"covered_lines": 0, "num_statements": 1, "percent_covered": 0.0, "percent_covered_display": "0", "missing_lines": 1, "excluded_lines": 0, "percent_statements_covered": 0.0, "percent_statements_covered_display": "0"}, "missing_lines": [163], "excluded_lines": [], "start_line": 161}, "Config.ghostscript_path": {"executed_lines": [168], "summary": {"covered_lines": 1, "num_statements": 1, "percent_covered": 100.0, "percent_covered_display": "100", "missing_lines": 0, "excluded_lines": 0, "percent_statements_covered": 100.0, "percent_statements_covered_display": "100"}, "missing_lines": [], "excluded_lines": [], "start_line": 166}, "Config.as_dict": {"executed_lines": [], "summary": {"covered_lines": 0, "num_statements": 1, "percent_covered": 0.0, "percent_covered_display": "0", "missing_lines": 1, "excluded_lines": 0, "percent_statements_covered": 0.0, "percent_statements_covered_display": "0"}, "missing_lines": [172], "excluded_lines": [], "start_line": 170}, "Config.__repr__": {"executed_lines": [], "summary": {"covered_lines": 0, "num_statements": 1, "percent_covered": 0.0, "percent_covered_display": "0", "missing_lines": 1, "excluded_lines": 0, "percent_statements_covered": 0.0, "percent_statements_covered_display": "0"}, "missing_lines": [175], "excluded_lines": [], "start_line": 174}, "": {"executed_lines": [7, 8, 9, 10, 12, 13, 18, 22, 68, 78, 102, 111, 115, 123, 128, 146, 150, 151, 155, 156, 160, 161, 165, 166, 170, 174], "summary": {"covered_lines": 26, "num_statements": 28, "percent_covered": 92.85714285714286, "percent_covered_display": "93", "missing_lines": 2, "excluded_lines": 0, "percent_statements_covered": 92.85714285714286, "percent_statements_covered_display": "93"}, "missing_lines": [14, 15], "excluded_lines": [], "start_line": 1}}, "classes": {"Config": {"executed_lines": [75, 76, 81, 84, 85, 86, 89, 90, 91, 94, 95, 97, 99, 100, 104, 105, 106, 107, 113, 117, 118, 119, 121, 125, 126, 135, 136, 138, 139, 140, 142, 144, 148, 153, 158, 168], "summary": {"covered_lines": 36, "num_statements": 41, "percent_covered": 87.8048780487805, "percent_covered_display": "88", "missing_lines": 5, "excluded_lines": 0, "percent_statements_covered": 87.8048780487805, "percent_statements_covered_display": "88"}, "missing_lines": [108, 109, 163, 172, 175], "excluded_lines": [], "start_line": 18}, "": {"executed_lines": [7, 8, 9, 10, 12, 13, 18, 22, 68, 78, 102, 111, 115, 123, 128, 146, 150, 151, 155, 156, 160, 161, 165, 166, 170, 174], "summary": {"covered_lines": 26, "num_statements": 28, "percent_covered": 92.85714285714286, "percent_covered_display": "93", "missing_lines": 2, "excluded_lines": 0, "percent_statements_covered": 92.85714285714286, "percent_statements_covered_display": "93"}, "missing_lines": [14, 15], "excluded_lines": [], "start_line": 1}}}, "filesqueeze\\doctor.py": {"executed_lines": [], "summary": {"covered_lines": 0, "num_statements": 232, "percent_covered": 0.0, "percent_covered_display": "0", "missing_lines": 232, "excluded_lines": 0, "percent_statements_covered": 0.0, "percent_statements_covered_display": "0"}, "missing_lines": [7, 8, 9, 10, 12, 13, 16, 20, 21, 22, 25, 26, 27, 28, 29, 30, 31, 32, 35, 36, 37, 38, 39, 40, 41, 43, 44, 49, 51, 52, 53, 54, 55, 56, 57, 60, 62, 63, 65, 67, 68, 78, 79, 80, 82, 83, 85, 87, 88, 90, 92, 93, 95, 97, 98, 100, 102, 103, 105, 109, 112, 115, 117, 118, 119, 120, 122, 128, 129, 131, 132, 133, 135, 136, 138, 148, 150, 151, 152, 153, 154, 155, 156, 158, 168, 169, 170, 171, 172, 173, 175, 176, 178, 179, 180, 182, 183, 185, 191, 196, 197, 198, 199, 201, 202, 204, 213, 215, 216, 217, 219, 220, 221, 222, 224, 225, 227, 228, 229, 230, 232, 233, 235, 236, 237, 238, 240, 241, 243, 245, 252, 253, 254, 255, 256, 257, 258, 259, 260, 262, 268, 269, 270, 273, 276, 277, 280, 282, 283, 284, 285, 286, 289, 290, 291, 294, 295, 298, 299, 300, 303, 305, 306, 307, 308, 309, 310, 313, 315, 317, 319, 320, 321, 323, 324, 325, 327, 328, 330, 331, 332, 334, 335, 337, 338, 339, 341, 342, 343, 346, 347, 350, 351, 354, 355, 356, 359, 360, 361, 362, 365, 366, 367, 368, 371, 372, 373, 374, 377, 378, 381, 382, 383, 385, 388, 389, 390, 391, 392, 393, 395, 396, 398, 401, 403, 404, 405, 408, 411, 413, 416, 417], "excluded_lines": [], "functions": {"Colors.enable": {"executed_lines": [], "summary": {"covered_lines": 0, "num_statements": 9, "percent_covered": 0.0, "percent_covered_display": "0", "missing_lines": 9, "excluded_lines": 0, "percent_statements_covered": 0.0, "percent_statements_covered_display": "0"}, "missing_lines": [49, 51, 52, 53, 54, 55, 56, 57, 60], "excluded_lines": [], "start_line": 44}, "Colors.disable": {"executed_lines": [], "summary": {"covered_lines": 0, "num_statements": 1, "percent_covered": 0.0, "percent_covered_display": "0", "missing_lines": 1, "excluded_lines": 0, "percent_statements_covered": 0.0, "percent_statements_covered_display": "0"}, "missing_lines": [65], "excluded_lines": [], "start_line": 63}, "Colors._colorize": {"executed_lines": [], "summary": {"covered_lines": 0, "num_statements": 3, "percent_covered": 0.0, "percent_covered_display": "0", "missing_lines": 3, "excluded_lines": 0, "percent_statements_covered": 0.0, "percent_statements_covered_display": "0"}, "missing_lines": [78, 79, 80], "excluded_lines": [], "start_line": 68}, "Colors.ok": {"executed_lines": [], "summary": {"covered_lines": 0, "num_statements": 1, "percent_covered": 0.0, "percent_covered_display": "0", "missing_lines": 1, "excluded_lines": 0, "percent_statements_covered": 0.0, "percent_statements_covered_display": "0"}, "missing_lines": [85], "excluded_lines": [], "start_line": 83}, "Colors.fail": {"executed_lines": [], "summary": {"covered_lines": 0, "num_statements": 1, "percent_covered": 0.0, "percent_covered_display": "0", "missing_lines": 1, "excluded_lines": 0, "percent_statements_covered": 0.0, "percent_statements_covered_display": "0"}, "missing_lines": [90], "excluded_lines": [], "start_line": 88}, "Colors.warn": {"executed_lines": [], "summary": {"covered_lines": 0, "num_statements": 1, "percent_covered": 0.0, "percent_covered_display": "0", "missing_lines": 1, "excluded_lines": 0, "percent_statements_covered": 0.0, "percent_statements_covered_display": "0"}, "missing_lines": [95], "excluded_lines": [], "start_line": 93}, "Colors.header": {"executed_lines": [], "summary": {"covered_lines": 0, "num_statements": 1, "percent_covered": 0.0, "percent_covered_display": "0", "missing_lines": 1, "excluded_lines": 0, "percent_statements_covered": 0.0, "percent_statements_covered_display": "0"}, "missing_lines": [100], "excluded_lines": [], "start_line": 98}, "Colors.bold": {"executed_lines": [], "summary": {"covered_lines": 0, "num_statements": 1, "percent_covered": 0.0, "percent_covered_display": "0", "missing_lines": 1, "excluded_lines": 0, "percent_statements_covered": 0.0, "percent_statements_covered_display": "0"}, "missing_lines": [105], "excluded_lines": [], "start_line": 103}, "Doctor.__init__": {"executed_lines": [], "summary": {"covered_lines": 0, "num_statements": 4, "percent_covered": 0.0, "percent_covered_display": "0", "missing_lines": 4, "excluded_lines": 0, "percent_statements_covered": 0.0, "percent_statements_covered_display": "0"}, "missing_lines": [117, 118, 119, 120], "excluded_lines": [], "start_line": 115}, "Doctor.check_python_version": {"executed_lines": [], "summary": {"covered_lines": 0, "num_statements": 7, "percent_covered": 0.0, "percent_covered_display": "0", "missing_lines": 7, "excluded_lines": 0, "percent_statements_covered": 0.0, "percent_statements_covered_display": "0"}, "missing_lines": [128, 129, 131, 132, 133, 135, 136], "excluded_lines": [], "start_line": 122}, "Doctor.check_module": {"executed_lines": [], "summary": {"covered_lines": 0, "num_statements": 8, "percent_covered": 0.0, "percent_covered_display": "0", "missing_lines": 8, "excluded_lines": 0, "percent_statements_covered": 0.0, "percent_statements_covered_display": "0"}, "missing_lines": [148, 150, 151, 152, 153, 154, 155, 156], "excluded_lines": [], "start_line": 138}, "Doctor.check_binary": {"executed_lines": [], "summary": {"covered_lines": 0, "num_statements": 13, "percent_covered": 0.0, "percent_covered_display": "0", "missing_lines": 13, "excluded_lines": 0, "percent_statements_covered": 0.0, "percent_statements_covered_display": "0"}, "missing_lines": [168, 169, 170, 171, 172, 173, 175, 176, 178, 179, 180, 182, 183], "excluded_lines": [], "start_line": 158}, "Doctor.check_config_file": {"executed_lines": [], "summary": {"covered_lines": 0, "num_statements": 7, "percent_covered": 0.0, "percent_covered_display": "0", "missing_lines": 7, "excluded_lines": 0, "percent_statements_covered": 0.0, "percent_statements_covered_display": "0"}, "missing_lines": [191, 196, 197, 198, 199, 201, 202], "excluded_lines": [], "start_line": 185}, "Doctor.check_directories": {"executed_lines": [], "summary": {"covered_lines": 0, "num_statements": 23, "percent_covered": 0.0, "percent_covered_display": "0", "missing_lines": 23, "excluded_lines": 0, "percent_statements_covered": 0.0, "percent_statements_covered_display": "0"}, "missing_lines": [213, 215, 216, 217, 219, 220, 221, 222, 224, 225, 227, 228, 229, 230, 232, 233, 235, 236, 237, 238, 240, 241, 243], "excluded_lines": [], "start_line": 204}, "Doctor.check_permissions": {"executed_lines": [], "summary": {"covered_lines": 0, "num_statements": 9, "percent_covered": 0.0, "percent_covered_display": "0", "missing_lines": 9, "excluded_lines": 0, "percent_statements_covered": 0.0, "percent_statements_covered_display": "0"}, "missing_lines": [252, 253, 254, 255, 256, 257, 258, 259, 260], "excluded_lines": [], "start_line": 245}, "Doctor.run_all_checks": {"executed_lines": [], "summary": {"covered_lines": 0, "num_statements": 29, "percent_covered": 0.0, "percent_covered_display": "0", "missing_lines": 29, "excluded_lines": 0, "percent_statements_covered": 0.0, "percent_statements_covered_display": "0"}, "missing_lines": [268, 269, 270, 273, 276, 277, 280, 282, 283, 284, 285, 286, 289, 290, 291, 294, 295, 298, 299, 300, 303, 305, 306, 307, 308, 309, 310, 313, 315], "excluded_lines": [], "start_line": 262}, "Doctor.print_summary": {"executed_lines": [], "summary": {"covered_lines": 0, "num_statements": 53, "percent_covered": 0.0, "percent_covered_display": "0", "missing_lines": 53, "excluded_lines": 0, "percent_statements_covered": 0.0, "percent_statements_covered_display": "0"}, "missing_lines": [319, 320, 321, 323, 324, 325, 327, 328, 330, 331, 332, 334, 335, 337, 338, 339, 341, 342, 343, 346, 347, 350, 351, 354, 355, 356, 359, 360, 361, 362, 365, 366, 367, 368, 371, 372, 373, 374, 377, 378, 381, 382, 383, 385, 388, 389, 390, 391, 392, 393, 395, 396, 398], "excluded_lines": [], "start_line": 317}, "run_doctor": {"executed_lines": [], "summary": {"covered_lines": 0, "num_statements": 4, "percent_covered": 0.0, "percent_covered_display": "0", "missing_lines": 4, "excluded_lines": 0, "percent_statements_covered": 0.0, "percent_statements_covered_display": "0"}, "missing_lines": [403, 404, 405, 408], "excluded_lines": [], "start_line": 401}, "main": {"executed_lines": [], "summary": {"covered_lines": 0, "num_statements": 1, "percent_covered": 0.0, "percent_covered_display": "0", "missing_lines": 1, "excluded_lines": 0, "percent_statements_covered": 0.0, "percent_statements_covered_display": "0"}, "missing_lines": [413], "excluded_lines": [], "start_line": 411}, "": {"executed_lines": [], "summary": {"covered_lines": 0, "num_statements": 56, "percent_covered": 0.0, "percent_covered_display": "0", "missing_lines": 56, "excluded_lines": 0, "percent_statements_covered": 0.0, "percent_statements_covered_display": "0"}, "missing_lines": [7, 8, 9, 10, 12, 13, 16, 20, 21, 22, 25, 26, 27, 28, 29, 30, 31, 32, 35, 36, 37, 38, 39, 40, 41, 43, 44, 62, 63, 67, 68, 82, 83, 87, 88, 92, 93, 97, 98, 102, 103, 109, 112, 115, 122, 138, 158, 185, 204, 245, 262, 317, 401, 411, 416, 417], "excluded_lines": [], "start_line": 1}}, "classes": {"Colors": {"executed_lines": [], "summary": {"covered_lines": 0, "num_statements": 18, "percent_covered": 0.0, "percent_covered_display": "0", "missing_lines": 18, "excluded_lines": 0, "percent_statements_covered": 0.0, "percent_statements_covered_display": "0"}, "missing_lines": [49, 51, 52, 53, 54, 55, 56, 57, 60, 65, 78, 79, 80, 85, 90, 95, 100, 105], "excluded_lines": [], "start_line": 16}, "Doctor": {"executed_lines": [], "summary": {"covered_lines": 0, "num_statements": 153, "percent_covered": 0.0, "percent_covered_display": "0", "missing_lines": 153, "excluded_lines": 0, "percent_statements_covered": 0.0, "percent_statements_covered_display": "0"}, "missing_lines": [117, 118, 119, 120, 128, 129, 131, 132, 133, 135, 136, 148, 150, 151, 152, 153, 154, 155, 156, 168, 169, 170, 171, 172, 173, 175, 176, 178, 179, 180, 182, 183, 191, 196, 197, 198, 199, 201, 202, 213, 215, 216, 217, 219, 220, 221, 222, 224, 225, 227, 228, 229, 230, 232, 233, 235, 236, 237, 238, 240, 241, 243, 252, 253, 254, 255, 256, 257, 258, 259, 260, 268, 269, 270, 273, 276, 277, 280, 282, 283, 284, 285, 286, 289, 290, 291, 294, 295, 298, 299, 300, 303, 305, 306, 307, 308, 309, 310, 313, 315, 319, 320, 321, 323, 324, 325, 327, 328, 330, 331, 332, 334, 335, 337, 338, 339, 341, 342, 343, 346, 347, 350, 351, 354, 355, 356, 359, 360, 361, 362, 365, 366, 367, 368, 371, 372, 373, 374, 377, 378, 381, 382, 383, 385, 388, 389, 390, 391, 392, 393, 395, 396, 398], "excluded_lines": [], "start_line": 112}, "": {"executed_lines": [], "summary": {"covered_lines": 0, "num_statements": 61, "percent_covered": 0.0, "percent_covered_display": "0", "missing_lines": 61, "excluded_lines": 0, "percent_statements_covered": 0.0, "percent_statements_covered_display": "0"}, "missing_lines": [7, 8, 9, 10, 12, 13, 16, 20, 21, 22, 25, 26, 27, 28, 29, 30, 31, 32, 35, 36, 37, 38, 39, 40, 41, 43, 44, 62, 63, 67, 68, 82, 83, 87, 88, 92, 93, 97, 98, 102, 103, 109, 112, 115, 122, 138, 158, 185, 204, 245, 262, 317, 401, 403, 404, 405, 408, 411, 413, 416, 417], "excluded_lines": [], "start_line": 1}}}, "filesqueeze\\document.py": {"executed_lines": [6, 7, 8, 9, 12, 21, 22, 25, 26, 28, 29, 30, 37, 38, 51, 56, 65, 69, 70, 71, 75, 76, 81, 82, 91, 113, 122, 123, 125, 127, 141, 143, 144, 151, 155, 156, 157, 159, 163, 177, 181, 182, 183, 186, 188, 197, 198, 210, 211, 212, 217, 241, 244, 253, 277, 278, 280, 291, 294, 296, 297, 304, 308, 309, 313], "summary": {"covered_lines": 65, "num_statements": 113, "percent_covered": 57.52212389380531, "percent_covered_display": "58", "missing_lines": 48, "excluded_lines": 0, "percent_statements_covered": 57.52212389380531, "percent_statements_covered_display": "58"}, "missing_lines": [35, 36, 40, 41, 46, 47, 48, 49, 66, 72, 83, 84, 86, 145, 146, 147, 148, 152, 178, 184, 205, 206, 207, 208, 214, 255, 256, 257, 259, 261, 263, 264, 265, 267, 269, 270, 272, 274, 284, 286, 298, 299, 300, 301, 305, 310, 314, 316], "excluded_lines": [], "functions": {"get_ghostscript_path": {"executed_lines": [21, 22, 25, 26, 28, 29, 30, 37, 38, 51], "summary": {"covered_lines": 10, "num_statements": 18, "percent_covered": 55.55555555555556, "percent_covered_display": "56", "missing_lines": 8, "excluded_lines": 0, "percent_statements_covered": 55.55555555555556, "percent_statements_covered_display": "56"}, "missing_lines": [35, 36, 40, 41, 46, 47, 48, 49], "excluded_lines": [], "start_line": 12}, "get_ffmpeg_path": {"executed_lines": [65, 69, 70, 71, 75, 76, 81, 82], "summary": {"covered_lines": 8, "num_statements": 13, "percent_covered": 61.53846153846154, "percent_covered_display": "62", "missing_lines": 5, "excluded_lines": 0, "percent_statements_covered": 61.53846153846154, "percent_statements_covered_display": "62"}, "missing_lines": [66, 72, 83, 84, 86], "excluded_lines": [], "start_line": 56}, "compress_pdf": {"executed_lines": [113, 122, 123, 125, 127, 141, 143, 144, 151, 155, 156, 157, 159], "summary": {"covered_lines": 13, "num_statements": 18, "percent_covered": 72.22222222222223, "percent_covered_display": "72", "missing_lines": 5, "excluded_lines": 0, "percent_statements_covered": 72.22222222222223, "percent_statements_covered_display": "72"}, "missing_lines": [145, 146, 147, 148, 152], "excluded_lines": [], "start_line": 91}, "get_image_size": {"executed_lines": [177, 181, 182, 183, 186, 188, 197, 198, 210, 211, 212], "summary": {"covered_lines": 11, "num_statements": 18, "percent_covered": 61.111111111111114, "percent_covered_display": "61", "missing_lines": 7, "excluded_lines": 0, "percent_statements_covered": 61.111111111111114, "percent_statements_covered_display": "61"}, "missing_lines": [178, 184, 205, 206, 207, 208, 214], "excluded_lines": [], "start_line": 163}, "compress_image": {"executed_lines": [241, 244, 253, 277, 278, 280, 291, 294, 296, 297, 304, 308, 309, 313], "summary": {"covered_lines": 14, "num_statements": 37, "percent_covered": 37.83783783783784, "percent_covered_display": "38", "missing_lines": 23, "excluded_lines": 0, "percent_statements_covered": 37.83783783783784, "percent_statements_covered_display": "38"}, "missing_lines": [255, 256, 257, 259, 261, 263, 264, 265, 267, 269, 270, 272, 274, 284, 286, 298, 299, 300, 301, 305, 310, 314, 316], "excluded_lines": [], "start_line": 217}, "": {"executed_lines": [6, 7, 8, 9, 12, 56, 91, 163, 217], "summary": {"covered_lines": 9, "num_statements": 9, "percent_covered": 100.0, "percent_covered_display": "100", "missing_lines": 0, "excluded_lines": 0, "percent_statements_covered": 100.0, "percent_statements_covered_display": "100"}, "missing_lines": [], "excluded_lines": [], "start_line": 1}}, "classes": {"": {"executed_lines": [6, 7, 8, 9, 12, 21, 22, 25, 26, 28, 29, 30, 37, 38, 51, 56, 65, 69, 70, 71, 75, 76, 81, 82, 91, 113, 122, 123, 125, 127, 141, 143, 144, 151, 155, 156, 157, 159, 163, 177, 181, 182, 183, 186, 188, 197, 198, 210, 211, 212, 217, 241, 244, 253, 277, 278, 280, 291, 294, 296, 297, 304, 308, 309, 313], "summary": {"covered_lines": 65, "num_statements": 113, "percent_covered": 57.52212389380531, "percent_covered_display": "58", "missing_lines": 48, "excluded_lines": 0, "percent_statements_covered": 57.52212389380531, "percent_statements_covered_display": "58"}, "missing_lines": [35, 36, 40, 41, 46, 47, 48, 49, 66, 72, 83, 84, 86, 145, 146, 147, 148, 152, 178, 184, 205, 206, 207, 208, 214, 255, 256, 257, 259, 261, 263, 264, 265, 267, 269, 270, 272, 274, 284, 286, 298, 299, 300, 301, 305, 310, 314, 316], "excluded_lines": [], "start_line": 1}}}, "filesqueeze\\fsm\\__init__.py": {"executed_lines": [5, 6, 8, 9, 12, 15, 17, 19, 21, 23, 26, 33, 36, 38, 40, 42, 45, 46, 48, 50, 54, 55, 56, 57], "summary": {"covered_lines": 24, "num_statements": 24, "percent_covered": 100.0, "percent_covered_display": "100", "missing_lines": 0, "excluded_lines": 0, "percent_statements_covered": 100.0, "percent_statements_covered_display": "100"}, "missing_lines": [], "excluded_lines": [], "functions": {"default_state_factory": {"executed_lines": [23], "summary": {"covered_lines": 1, "num_statements": 1, "percent_covered": 100.0, "percent_covered_display": "100", "missing_lines": 0, "excluded_lines": 0, "percent_statements_covered": 100.0, "percent_statements_covered_display": "100"}, "missing_lines": [], "excluded_lines": [], "start_line": 21}, "StateMachine.__init__": {"executed_lines": [36, 38, 40], "summary": {"covered_lines": 3, "num_statements": 3, "percent_covered": 100.0, "percent_covered_display": "100", "missing_lines": 0, "excluded_lines": 0, "percent_statements_covered": 100.0, "percent_statements_covered_display": "100"}, "missing_lines": [], "excluded_lines": [], "start_line": 33}, "StateMachine.transition": {"executed_lines": [45, 46, 48], "summary": {"covered_lines": 3, "num_statements": 3, "percent_covered": 100.0, "percent_covered_display": "100", "missing_lines": 0, "excluded_lines": 0, "percent_statements_covered": 100.0, "percent_statements_covered_display": "100"}, "missing_lines": [], "excluded_lines": [], "start_line": 42}, "StateMachine.run": {"executed_lines": [54, 55, 56, 57], "summary": {"covered_lines": 4, "num_statements": 4, "percent_covered": 100.0, "percent_covered_display": "100", "missing_lines": 0, "excluded_lines": 0, "percent_statements_covered": 100.0, "percent_statements_covered_display": "100"}, "missing_lines": [], "excluded_lines": [], "start_line": 50}, "": {"executed_lines": [5, 6, 8, 9, 12, 15, 17, 19, 21, 26, 33, 42, 50], "summary": {"covered_lines": 13, "num_statements": 13, "percent_covered": 100.0, "percent_covered_display": "100", "missing_lines": 0, "excluded_lines": 0, "percent_statements_covered": 100.0, "percent_statements_covered_display": "100"}, "missing_lines": [], "excluded_lines": [], "start_line": 1}}, "classes": {"StateMachine": {"executed_lines": [36, 38, 40, 45, 46, 48, 54, 55, 56, 57], "summary": {"covered_lines": 10, "num_statements": 10, "percent_covered": 100.0, "percent_covered_display": "100", "missing_lines": 0, "excluded_lines": 0, "percent_statements_covered": 100.0, "percent_statements_covered_display": "100"}, "missing_lines": [], "excluded_lines": [], "start_line": 26}, "": {"executed_lines": [5, 6, 8, 9, 12, 15, 17, 19, 21, 23, 26, 33, 42, 50], "summary": {"covered_lines": 14, "num_statements": 14, "percent_covered": 100.0, "percent_covered_display": "100", "missing_lines": 0, "excluded_lines": 0, "percent_statements_covered": 100.0, "percent_statements_covered_display": "100"}, "missing_lines": [], "excluded_lines": [], "start_line": 1}}}, "filesqueeze\\fsm\\default.py": {"executed_lines": [5, 6, 7, 8, 10, 13, 14, 15, 16, 28, 30, 31, 34, 38, 39, 41, 42, 44, 47, 48, 50, 51, 53, 54, 56, 67], "summary": {"covered_lines": 26, "num_statements": 32, "percent_covered": 81.25, "percent_covered_display": "81", "missing_lines": 6, "excluded_lines": 0, "percent_statements_covered": 81.25, "percent_statements_covered_display": "81"}, "missing_lines": [32, 35, 36, 45, 57, 68], "excluded_lines": [], "functions": {"State.__init__": {"executed_lines": [16], "summary": {"covered_lines": 1, "num_statements": 1, "percent_covered": 100.0, "percent_covered_display": "100", "missing_lines": 0, "excluded_lines": 0, "percent_statements_covered": 100.0, "percent_statements_covered_display": "100"}, "missing_lines": [], "excluded_lines": [], "start_line": 15}, "State.__getattr__": {"executed_lines": [30, 31], "summary": {"covered_lines": 2, "num_statements": 3, "percent_covered": 66.66666666666667, "percent_covered_display": "67", "missing_lines": 1, "excluded_lines": 0, "percent_statements_covered": 66.66666666666667, "percent_statements_covered_display": "67"}, "missing_lines": [32], "excluded_lines": [], "start_line": 28}, "State.set_format": {"executed_lines": [], "summary": {"covered_lines": 0, "num_statements": 2, "percent_covered": 0.0, "percent_covered_display": "0", "missing_lines": 2, "excluded_lines": 0, "percent_statements_covered": 0.0, "percent_statements_covered_display": "0"}, "missing_lines": [35, 36], "excluded_lines": [], "start_line": 34}, "State.set_target": {"executed_lines": [39], "summary": {"covered_lines": 1, "num_statements": 1, "percent_covered": 100.0, "percent_covered_display": "100", "missing_lines": 0, "excluded_lines": 0, "percent_statements_covered": 100.0, "percent_statements_covered_display": "100"}, "missing_lines": [], "excluded_lines": [], "start_line": 38}, "State.status_analyze": {"executed_lines": [42], "summary": {"covered_lines": 1, "num_statements": 1, "percent_covered": 100.0, "percent_covered_display": "100", "missing_lines": 0, "excluded_lines": 0, "percent_statements_covered": 100.0, "percent_statements_covered_display": "100"}, "missing_lines": [], "excluded_lines": [], "start_line": 41}, "State.status_convert": {"executed_lines": [], "summary": {"covered_lines": 0, "num_statements": 1, "percent_covered": 0.0, "percent_covered_display": "0", "missing_lines": 1, "excluded_lines": 0, "percent_statements_covered": 0.0, "percent_statements_covered_display": "0"}, "missing_lines": [45], "excluded_lines": [], "start_line": 44}, "State.status_compress": {"executed_lines": [48], "summary": {"covered_lines": 1, "num_statements": 1, "percent_covered": 100.0, "percent_covered_display": "100", "missing_lines": 0, "excluded_lines": 0, "percent_statements_covered": 100.0, "percent_statements_covered_display": "100"}, "missing_lines": [], "excluded_lines": [], "start_line": 47}, "State.status_complete": {"executed_lines": [51], "summary": {"covered_lines": 1, "num_statements": 1, "percent_covered": 100.0, "percent_covered_display": "100", "missing_lines": 0, "excluded_lines": 0, "percent_statements_covered": 100.0, "percent_statements_covered_display": "100"}, "missing_lines": [], "excluded_lines": [], "start_line": 50}, "State.error": {"executed_lines": [54], "summary": {"covered_lines": 1, "num_statements": 1, "percent_covered": 100.0, "percent_covered_display": "100", "missing_lines": 0, "excluded_lines": 0, "percent_statements_covered": 100.0, "percent_statements_covered_display": "100"}, "missing_lines": [], "excluded_lines": [], "start_line": 53}, "State.as_dict": {"executed_lines": [], "summary": {"covered_lines": 0, "num_statements": 1, "percent_covered": 0.0, "percent_covered_display": "0", "missing_lines": 1, "excluded_lines": 0, "percent_statements_covered": 0.0, "percent_statements_covered_display": "0"}, "missing_lines": [57], "excluded_lines": [], "start_line": 56}, "State.__repr__": {"executed_lines": [], "summary": {"covered_lines": 0, "num_statements": 1, "percent_covered": 0.0, "percent_covered_display": "0", "missing_lines": 1, "excluded_lines": 0, "percent_statements_covered": 0.0, "percent_statements_covered_display": "0"}, "missing_lines": [68], "excluded_lines": [], "start_line": 67}, "": {"executed_lines": [5, 6, 7, 8, 10, 13, 14, 15, 28, 34, 38, 41, 44, 47, 50, 53, 56, 67], "summary": {"covered_lines": 18, "num_statements": 18, "percent_covered": 100.0, "percent_covered_display": "100", "missing_lines": 0, "excluded_lines": 0, "percent_statements_covered": 100.0, "percent_statements_covered_display": "100"}, "missing_lines": [], "excluded_lines": [], "start_line": 1}}, "classes": {"State": {"executed_lines": [16, 30, 31, 39, 42, 48, 51, 54], "summary": {"covered_lines": 8, "num_statements": 14, "percent_covered": 57.142857142857146, "percent_covered_display": "57", "missing_lines": 6, "excluded_lines": 0, "percent_statements_covered": 57.142857142857146, "percent_statements_covered_display": "57"}, "missing_lines": [32, 35, 36, 45, 57, 68], "excluded_lines": [], "start_line": 13}, "": {"executed_lines": [5, 6, 7, 8, 10, 13, 14, 15, 28, 34, 38, 41, 44, 47, 50, 53, 56, 67], "summary": {"covered_lines": 18, "num_statements": 18, "percent_covered": 100.0, "percent_covered_display": "100", "missing_lines": 0, "excluded_lines": 0, "percent_statements_covered": 100.0, "percent_statements_covered_display": "100"}, "missing_lines": [], "excluded_lines": [], "start_line": 1}}}, "filesqueeze\\fsm\\enums.py": {"executed_lines": [6, 9, 15, 18, 22, 24, 36, 41, 43, 45, 48, 49, 53, 54, 60, 61, 62, 63, 66, 67, 70, 71, 72, 73, 74, 77, 78, 79, 80, 83, 84, 85, 86, 87, 88, 89], "summary": {"covered_lines": 36, "num_statements": 43, "percent_covered": 83.72093023255815, "percent_covered_display": "84", "missing_lines": 7, "excluded_lines": 0, "percent_statements_covered": 83.72093023255815, "percent_statements_covered_display": "84"}, "missing_lines": [31, 32, 38, 46, 51, 56, 57], "excluded_lines": [], "functions": {"EnumMeta.__iter__": {"executed_lines": [15, 18, 22, 24], "summary": {"covered_lines": 4, "num_statements": 6, "percent_covered": 66.66666666666667, "percent_covered_display": "67", "missing_lines": 2, "excluded_lines": 0, "percent_statements_covered": 66.66666666666667, "percent_statements_covered_display": "67"}, "missing_lines": [31, 32], "excluded_lines": [], "start_line": 9}, "EnumMeta.__getitem__": {"executed_lines": [], "summary": {"covered_lines": 0, "num_statements": 1, "percent_covered": 0.0, "percent_covered_display": "0", "missing_lines": 1, "excluded_lines": 0, "percent_statements_covered": 0.0, "percent_statements_covered_display": "0"}, "missing_lines": [38], "excluded_lines": [], "start_line": 36}, "Enum.__init__": {"executed_lines": [], "summary": {"covered_lines": 0, "num_statements": 1, "percent_covered": 0.0, "percent_covered_display": "0", "missing_lines": 1, "excluded_lines": 0, "percent_statements_covered": 0.0, "percent_statements_covered_display": "0"}, "missing_lines": [46], "excluded_lines": [], "start_line": 45}, "Enum.__contains__": {"executed_lines": [], "summary": {"covered_lines": 0, "num_statements": 1, "percent_covered": 0.0, "percent_covered_display": "0", "missing_lines": 1, "excluded_lines": 0, "percent_statements_covered": 0.0, "percent_statements_covered_display": "0"}, "missing_lines": [51], "excluded_lines": [], "start_line": 49}, "Enum.validate": {"executed_lines": [], "summary": {"covered_lines": 0, "num_statements": 2, "percent_covered": 0.0, "percent_covered_display": "0", "missing_lines": 2, "excluded_lines": 0, "percent_statements_covered": 0.0, "percent_statements_covered_display": "0"}, "missing_lines": [56, 57], "excluded_lines": [], "start_line": 54}, "": {"executed_lines": [6, 9, 36, 41, 43, 45, 48, 49, 53, 54, 60, 61, 62, 63, 66, 67, 70, 71, 72, 73, 74, 77, 78, 79, 80, 83, 84, 85, 86, 87, 88, 89], "summary": {"covered_lines": 32, "num_statements": 32, "percent_covered": 100.0, "percent_covered_display": "100", "missing_lines": 0, "excluded_lines": 0, "percent_statements_covered": 100.0, "percent_statements_covered_display": "100"}, "missing_lines": [], "excluded_lines": [], "start_line": 1}}, "classes": {"EnumMeta": {"executed_lines": [15, 18, 22, 24], "summary": {"covered_lines": 4, "num_statements": 7, "percent_covered": 57.142857142857146, "percent_covered_display": "57", "missing_lines": 3, "excluded_lines": 0, "percent_statements_covered": 57.142857142857146, "percent_statements_covered_display": "57"}, "missing_lines": [31, 32, 38], "excluded_lines": [], "start_line": 6}, "Enum": {"executed_lines": [], "summary": {"covered_lines": 0, "num_statements": 4, "percent_covered": 0.0, "percent_covered_display": "0", "missing_lines": 4, "excluded_lines": 0, "percent_statements_covered": 0.0, "percent_statements_covered_display": "0"}, "missing_lines": [46, 51, 56, 57], "excluded_lines": [], "start_line": 41}, "Video": {"executed_lines": [], "summary": {"covered_lines": 0, "num_statements": 0, "percent_covered": 100.0, "percent_covered_display": "100", "missing_lines": 0, "excluded_lines": 0, "percent_statements_covered": 100.0, "percent_statements_covered_display": "100"}, "missing_lines": [], "excluded_lines": [], "start_line": 60}, "Slideshow": {"executed_lines": [], "summary": {"covered_lines": 0, "num_statements": 0, "percent_covered": 100.0, "percent_covered_display": "100", "missing_lines": 0, "excluded_lines": 0, "percent_statements_covered": 100.0, "percent_statements_covered_display": "100"}, "missing_lines": [], "excluded_lines": [], "start_line": 66}, "Document": {"executed_lines": [], "summary": {"covered_lines": 0, "num_statements": 0, "percent_covered": 100.0, "percent_covered_display": "100", "missing_lines": 0, "excluded_lines": 0, "percent_statements_covered": 100.0, "percent_statements_covered_display": "100"}, "missing_lines": [], "excluded_lines": [], "start_line": 70}, "Format": {"executed_lines": [], "summary": {"covered_lines": 0, "num_statements": 0, "percent_covered": 100.0, "percent_covered_display": "100", "missing_lines": 0, "excluded_lines": 0, "percent_statements_covered": 100.0, "percent_statements_covered_display": "100"}, "missing_lines": [], "excluded_lines": [], "start_line": 77}, "Status": {"executed_lines": [], "summary": {"covered_lines": 0, "num_statements": 0, "percent_covered": 100.0, "percent_covered_display": "100", "missing_lines": 0, "excluded_lines": 0, "percent_statements_covered": 100.0, "percent_statements_covered_display": "100"}, "missing_lines": [], "excluded_lines": [], "start_line": 83}, "": {"executed_lines": [6, 9, 36, 41, 43, 45, 48, 49, 53, 54, 60, 61, 62, 63, 66, 67, 70, 71, 72, 73, 74, 77, 78, 79, 80, 83, 84, 85, 86, 87, 88, 89], "summary": {"covered_lines": 32, "num_statements": 32, "percent_covered": 100.0, "percent_covered_display": "100", "missing_lines": 0, "excluded_lines": 0, "percent_statements_covered": 100.0, "percent_statements_covered_display": "100"}, "missing_lines": [], "excluded_lines": [], "start_line": 1}}}, "filesqueeze\\handlers.py": {"executed_lines": [1, 2, 3, 5, 6, 7, 10, 16, 17, 19, 23, 24, 25, 26, 31, 32, 33, 34, 36, 38, 47, 52, 53, 55, 57, 59, 60, 61, 62, 64, 68, 69, 71, 75, 76, 81, 83, 87, 90, 91, 94, 95, 97, 99, 100, 102, 104, 106, 109, 110, 112, 114, 121, 138, 140, 141, 142, 144, 153, 154, 159, 160, 161, 163, 171, 173, 174, 175, 176, 177, 179, 191, 192, 194, 196, 198, 214, 218, 221, 222, 226, 227, 237, 239, 241, 254, 255, 257, 259, 260, 263, 264], "summary": {"covered_lines": 92, "num_statements": 120, "percent_covered": 76.66666666666667, "percent_covered_display": "77", "missing_lines": 28, "excluded_lines": 0, "percent_statements_covered": 76.66666666666667, "percent_statements_covered_display": "77"}, "missing_lines": [27, 28, 43, 44, 45, 77, 79, 122, 126, 127, 128, 130, 155, 156, 189, 190, 202, 203, 204, 205, 206, 207, 210, 211, 212, 224, 233, 235], "excluded_lines": [], "functions": {"cleanupFiles": {"executed_lines": [16, 17], "summary": {"covered_lines": 2, "num_statements": 2, "percent_covered": 100.0, "percent_covered_display": "100", "missing_lines": 0, "excluded_lines": 0, "percent_statements_covered": 100.0, "percent_statements_covered_display": "100"}, "missing_lines": [], "excluded_lines": [], "start_line": 10}, "analyzeVideo": {"executed_lines": [23, 24, 25, 26, 31, 32, 33, 34, 36], "summary": {"covered_lines": 9, "num_statements": 11, "percent_covered": 81.81818181818181, "percent_covered_display": "82", "missing_lines": 2, "excluded_lines": 0, "percent_statements_covered": 81.81818181818181, "percent_statements_covered_display": "82"}, "missing_lines": [27, 28], "excluded_lines": [], "start_line": 19}, "analyzeSlideshow": {"executed_lines": [], "summary": {"covered_lines": 0, "num_statements": 3, "percent_covered": 0.0, "percent_covered_display": "0", "missing_lines": 3, "excluded_lines": 0, "percent_statements_covered": 0.0, "percent_statements_covered_display": "0"}, "missing_lines": [43, 44, 45], "excluded_lines": [], "start_line": 38}, "analyzeDocument": {"executed_lines": [52, 53, 55, 57, 59, 60, 61, 62, 64, 68, 69, 71, 75, 76, 81], "summary": {"covered_lines": 15, "num_statements": 17, "percent_covered": 88.23529411764706, "percent_covered_display": "88", "missing_lines": 2, "excluded_lines": 0, "percent_statements_covered": 88.23529411764706, "percent_statements_covered_display": "88"}, "missing_lines": [77, 79], "excluded_lines": [], "start_line": 47}, "compressDocument": {"executed_lines": [87, 90, 91, 94, 95, 97, 99, 100, 102, 104, 106, 109, 110, 112, 114, 121, 138, 140, 141, 142, 144, 153, 154, 159, 160, 161, 163, 171, 173, 174, 175, 176, 177, 179, 191, 192, 194, 196], "summary": {"covered_lines": 38, "num_statements": 47, "percent_covered": 80.85106382978724, "percent_covered_display": "81", "missing_lines": 9, "excluded_lines": 0, "percent_statements_covered": 80.85106382978724, "percent_statements_covered_display": "81"}, "missing_lines": [122, 126, 127, 128, 130, 155, 156, 189, 190], "excluded_lines": [], "start_line": 83}, "pptxToVideo": {"executed_lines": [], "summary": {"covered_lines": 0, "num_statements": 9, "percent_covered": 0.0, "percent_covered_display": "0", "missing_lines": 9, "excluded_lines": 0, "percent_statements_covered": 0.0, "percent_statements_covered_display": "0"}, "missing_lines": [202, 203, 204, 205, 206, 207, 210, 211, 212], "excluded_lines": [], "start_line": 198}, "compressVideo": {"executed_lines": [218, 221, 222, 226, 227, 237, 239], "summary": {"covered_lines": 7, "num_statements": 10, "percent_covered": 70.0, "percent_covered_display": "70", "missing_lines": 3, "excluded_lines": 0, "percent_statements_covered": 70.0, "percent_statements_covered_display": "70"}, "missing_lines": [224, 233, 235], "excluded_lines": [], "start_line": 214}, "selectAnalyzer": {"executed_lines": [254, 255, 257, 259, 260, 263, 264], "summary": {"covered_lines": 7, "num_statements": 7, "percent_covered": 100.0, "percent_covered_display": "100", "missing_lines": 0, "excluded_lines": 0, "percent_statements_covered": 100.0, "percent_statements_covered_display": "100"}, "missing_lines": [], "excluded_lines": [], "start_line": 241}, "": {"executed_lines": [1, 2, 3, 5, 6, 7, 10, 19, 38, 47, 83, 198, 214, 241], "summary": {"covered_lines": 14, "num_statements": 14, "percent_covered": 100.0, "percent_covered_display": "100", "missing_lines": 0, "excluded_lines": 0, "percent_statements_covered": 100.0, "percent_statements_covered_display": "100"}, "missing_lines": [], "excluded_lines": [], "start_line": 1}}, "classes": {"": {"executed_lines": [1, 2, 3, 5, 6, 7, 10, 16, 17, 19, 23, 24, 25, 26, 31, 32, 33, 34, 36, 38, 47, 52, 53, 55, 57, 59, 60, 61, 62, 64, 68, 69, 71, 75, 76, 81, 83, 87, 90, 91, 94, 95, 97, 99, 100, 102, 104, 106, 109, 110, 112, 114, 121, 138, 140, 141, 142, 144, 153, 154, 159, 160, 161, 163, 171, 173, 174, 175, 176, 177, 179, 191, 192, 194, 196, 198, 214, 218, 221, 222, 226, 227, 237, 239, 241, 254, 255, 257, 259, 260, 263, 264], "summary": {"covered_lines": 92, "num_statements": 120, "percent_covered": 76.66666666666667, "percent_covered_display": "77", "missing_lines": 28, "excluded_lines": 0, "percent_statements_covered": 76.66666666666667, "percent_statements_covered_display": "77"}, "missing_lines": [27, 28, 43, 44, 45, 77, 79, 122, 126, 127, 128, 130, 155, 156, 189, 190, 202, 203, 204, 205, 206, 207, 210, 211, 212, 224, 233, 235], "excluded_lines": [], "start_line": 1}}}, "filesqueeze\\logger.py": {"executed_lines": [7, 8, 9, 10, 11, 13, 16, 20, 26, 27, 55, 56, 57, 58, 59, 60, 61, 62, 63, 66, 67, 70, 73, 79, 80, 81, 82, 85, 86, 87, 90, 103, 110, 111, 112, 114, 116, 117, 126, 129, 138, 141], "summary": {"covered_lines": 42, "num_statements": 46, "percent_covered": 91.30434782608695, "percent_covered_display": "91", "missing_lines": 4, "excluded_lines": 0, "percent_statements_covered": 91.30434782608695, "percent_statements_covered_display": "91"}, "missing_lines": [91, 99, 100, 151], "excluded_lines": [], "functions": {"Logger.setup": {"executed_lines": [55, 56, 57, 58, 59, 60, 61, 62, 63, 66, 67, 70, 73, 79, 80, 81, 82, 85, 86, 87, 90, 103, 110, 111, 112, 114], "summary": {"covered_lines": 26, "num_statements": 29, "percent_covered": 89.65517241379311, "percent_covered_display": "90", "missing_lines": 3, "excluded_lines": 0, "percent_statements_covered": 89.65517241379311, "percent_statements_covered_display": "90"}, "missing_lines": [91, 99, 100], "excluded_lines": [], "start_line": 27}, "Logger.get_logger": {"executed_lines": [126], "summary": {"covered_lines": 1, "num_statements": 1, "percent_covered": 100.0, "percent_covered_display": "100", "missing_lines": 0, "excluded_lines": 0, "percent_statements_covered": 100.0, "percent_statements_covered_display": "100"}, "missing_lines": [], "excluded_lines": [], "start_line": 117}, "get_logger": {"executed_lines": [138], "summary": {"covered_lines": 1, "num_statements": 1, "percent_covered": 100.0, "percent_covered_display": "100", "missing_lines": 0, "excluded_lines": 0, "percent_statements_covered": 100.0, "percent_statements_covered_display": "100"}, "missing_lines": [], "excluded_lines": [], "start_line": 129}, "setup_logging": {"executed_lines": [], "summary": {"covered_lines": 0, "num_statements": 1, "percent_covered": 0.0, "percent_covered_display": "0", "missing_lines": 1, "excluded_lines": 0, "percent_statements_covered": 0.0, "percent_statements_covered_display": "0"}, "missing_lines": [151], "excluded_lines": [], "start_line": 141}, "": {"executed_lines": [7, 8, 9, 10, 11, 13, 16, 20, 26, 27, 116, 117, 129, 141], "summary": {"covered_lines": 14, "num_statements": 14, "percent_covered": 100.0, "percent_covered_display": "100", "missing_lines": 0, "excluded_lines": 0, "percent_statements_covered": 100.0, "percent_statements_covered_display": "100"}, "missing_lines": [], "excluded_lines": [], "start_line": 1}}, "classes": {"Logger": {"executed_lines": [55, 56, 57, 58, 59, 60, 61, 62, 63, 66, 67, 70, 73, 79, 80, 81, 82, 85, 86, 87, 90, 103, 110, 111, 112, 114, 126], "summary": {"covered_lines": 27, "num_statements": 30, "percent_covered": 90.0, "percent_covered_display": "90", "missing_lines": 3, "excluded_lines": 0, "percent_statements_covered": 90.0, "percent_statements_covered_display": "90"}, "missing_lines": [91, 99, 100], "excluded_lines": [], "start_line": 16}, "": {"executed_lines": [7, 8, 9, 10, 11, 13, 16, 20, 26, 27, 116, 117, 129, 138, 141], "summary": {"covered_lines": 15, "num_statements": 16, "percent_covered": 93.75, "percent_covered_display": "94", "missing_lines": 1, "excluded_lines": 0, "percent_statements_covered": 93.75, "percent_statements_covered_display": "94"}, "missing_lines": [151], "excluded_lines": [], "start_line": 1}}}, "filesqueeze\\ocr.py": {"executed_lines": [7, 8, 9, 10, 11, 12, 13, 16, 25, 27, 28, 29, 35, 38, 43, 44, 45, 49, 51, 78, 80, 83, 133, 160, 161, 164, 166, 167, 178, 186, 195, 196, 197, 198, 256, 267, 268, 269, 273, 276, 293, 297, 298, 299, 300, 301, 302, 305, 306, 309, 312, 315, 326, 329], "summary": {"covered_lines": 54, "num_statements": 114, "percent_covered": 47.36842105263158, "percent_covered_display": "47", "missing_lines": 60, "excluded_lines": 0, "percent_statements_covered": 47.36842105263158, "percent_statements_covered_display": "47"}, "missing_lines": [39, 46, 53, 54, 55, 56, 57, 58, 59, 61, 64, 65, 67, 68, 69, 70, 72, 74, 77, 104, 105, 115, 123, 124, 125, 127, 128, 129, 130, 187, 188, 190, 191, 192, 200, 201, 204, 205, 206, 208, 209, 217, 219, 221, 222, 223, 226, 228, 237, 245, 246, 247, 249, 251, 252, 253, 270, 294, 310, 327], "excluded_lines": [], "functions": {"has_text_layer": {"executed_lines": [25, 27, 28, 29, 35, 38, 43, 44, 45, 49, 51, 78, 80], "summary": {"covered_lines": 13, "num_statements": 32, "percent_covered": 40.625, "percent_covered_display": "41", "missing_lines": 19, "excluded_lines": 0, "percent_statements_covered": 40.625, "percent_statements_covered_display": "41"}, "missing_lines": [39, 46, 53, 54, 55, 56, 57, 58, 59, 61, 64, 65, 67, 68, 69, 70, 72, 74, 77], "excluded_lines": [], "start_line": 16}, "ocr_image": {"executed_lines": [], "summary": {"covered_lines": 0, "num_statements": 10, "percent_covered": 0.0, "percent_covered_display": "0", "missing_lines": 10, "excluded_lines": 0, "percent_statements_covered": 0.0, "percent_statements_covered_display": "0"}, "missing_lines": [104, 105, 115, 123, 124, 125, 127, 128, 129, 130], "excluded_lines": [], "start_line": 83}, "ocr_pdf": {"executed_lines": [160, 161, 164, 166, 167, 178, 186, 195, 196, 197, 198], "summary": {"covered_lines": 11, "num_statements": 38, "percent_covered": 28.94736842105263, "percent_covered_display": "29", "missing_lines": 27, "excluded_lines": 0, "percent_statements_covered": 28.94736842105263, "percent_statements_covered_display": "29"}, "missing_lines": [187, 188, 190, 191, 192, 200, 201, 204, 205, 206, 208, 209, 217, 219, 221, 222, 223, 226, 228, 237, 245, 246, 247, 249, 251, 252, 253], "excluded_lines": [], "start_line": 133}, "needs_ocr": {"executed_lines": [267, 268, 269, 273], "summary": {"covered_lines": 4, "num_statements": 5, "percent_covered": 80.0, "percent_covered_display": "80", "missing_lines": 1, "excluded_lines": 0, "percent_statements_covered": 80.0, "percent_statements_covered_display": "80"}, "missing_lines": [270], "excluded_lines": [], "start_line": 256}, "process_pdf_with_ocr": {"executed_lines": [293, 297, 298, 299, 300, 301, 302, 305, 306, 309, 312, 315, 326, 329], "summary": {"covered_lines": 14, "num_statements": 17, "percent_covered": 82.3529411764706, "percent_covered_display": "82", "missing_lines": 3, "excluded_lines": 0, "percent_statements_covered": 82.3529411764706, "percent_statements_covered_display": "82"}, "missing_lines": [294, 310, 327], "excluded_lines": [], "start_line": 276}, "": {"executed_lines": [7, 8, 9, 10, 11, 12, 13, 16, 83, 133, 256, 276], "summary": {"covered_lines": 12, "num_statements": 12, "percent_covered": 100.0, "percent_covered_display": "100", "missing_lines": 0, "excluded_lines": 0, "percent_statements_covered": 100.0, "percent_statements_covered_display": "100"}, "missing_lines": [], "excluded_lines": [], "start_line": 1}}, "classes": {"": {"executed_lines": [7, 8, 9, 10, 11, 12, 13, 16, 25, 27, 28, 29, 35, 38, 43, 44, 45, 49, 51, 78, 80, 83, 133, 160, 161, 164, 166, 167, 178, 186, 195, 196, 197, 198, 256, 267, 268, 269, 273, 276, 293, 297, 298, 299, 300, 301, 302, 305, 306, 309, 312, 315, 326, 329], "summary": {"covered_lines": 54, "num_statements": 114, "percent_covered": 47.36842105263158, "percent_covered_display": "47", "missing_lines": 60, "excluded_lines": 0, "percent_statements_covered": 47.36842105263158, "percent_statements_covered_display": "47"}, "missing_lines": [39, 46, 53, 54, 55, 56, 57, 58, 59, 61, 64, 65, 67, 68, 69, 70, 72, 74, 77, 104, 105, 115, 123, 124, 125, 127, 128, 129, 130, 187, 188, 190, 191, 192, 200, 201, 204, 205, 206, 208, 209, 217, 219, 221, 222, 223, 226, 228, 237, 245, 246, 247, 249, 251, 252, 253, 270, 294, 310, 327], "excluded_lines": [], "start_line": 1}}}, "filesqueeze\\output.py": {"executed_lines": [6, 7, 8, 9, 10, 11, 13, 16, 34, 38, 39, 40, 43, 45, 47, 49, 52, 53, 54, 55, 56, 57, 63, 65, 68, 69, 70, 72, 77, 81, 83, 93, 99, 112, 113, 115, 117, 118, 121, 124, 125, 128, 141, 142, 144, 146, 147, 150, 151, 152, 155, 158, 164, 165, 168, 184, 185, 188, 189, 190, 192, 193, 194, 195, 197], "summary": {"covered_lines": 65, "num_statements": 76, "percent_covered": 85.52631578947368, "percent_covered_display": "86", "missing_lines": 11, "excluded_lines": 0, "percent_statements_covered": 85.52631578947368, "percent_statements_covered_display": "86"}, "missing_lines": [35, 58, 59, 61, 78, 85, 86, 87, 88, 90, 96], "excluded_lines": [], "functions": {"generate_output_path": {"executed_lines": [34, 38, 39, 40, 43, 45, 47, 49, 52, 53, 54, 55, 56, 57, 63, 65, 68, 69, 70, 72, 77, 81, 83, 93], "summary": {"covered_lines": 24, "num_statements": 35, "percent_covered": 68.57142857142857, "percent_covered_display": "69", "missing_lines": 11, "excluded_lines": 0, "percent_statements_covered": 68.57142857142857, "percent_statements_covered_display": "69"}, "missing_lines": [35, 58, 59, 61, 78, 85, 86, 87, 88, 90, 96], "excluded_lines": [], "start_line": 16}, "save_metadata": {"executed_lines": [112, 113, 115, 117, 118, 121, 124, 125], "summary": {"covered_lines": 8, "num_statements": 8, "percent_covered": 100.0, "percent_covered_display": "100", "missing_lines": 0, "excluded_lines": 0, "percent_statements_covered": 100.0, "percent_statements_covered_display": "100"}, "missing_lines": [], "excluded_lines": [], "start_line": 99}, "preserve_timestamps": {"executed_lines": [141, 142, 144, 146, 147, 150, 151, 152, 155], "summary": {"covered_lines": 9, "num_statements": 9, "percent_covered": 100.0, "percent_covered_display": "100", "missing_lines": 0, "excluded_lines": 0, "percent_statements_covered": 100.0, "percent_statements_covered_display": "100"}, "missing_lines": [], "excluded_lines": [], "start_line": 128}, "ensure_output_dir": {"executed_lines": [164, 165], "summary": {"covered_lines": 2, "num_statements": 2, "percent_covered": 100.0, "percent_covered_display": "100", "missing_lines": 0, "excluded_lines": 0, "percent_statements_covered": 100.0, "percent_statements_covered_display": "100"}, "missing_lines": [], "excluded_lines": [], "start_line": 158}, "get_unique_output_path": {"executed_lines": [184, 185, 188, 189, 190, 192, 193, 194, 195, 197], "summary": {"covered_lines": 10, "num_statements": 10, "percent_covered": 100.0, "percent_covered_display": "100", "missing_lines": 0, "excluded_lines": 0, "percent_statements_covered": 100.0, "percent_statements_covered_display": "100"}, "missing_lines": [], "excluded_lines": [], "start_line": 168}, "": {"executed_lines": [6, 7, 8, 9, 10, 11, 13, 16, 99, 128, 158, 168], "summary": {"covered_lines": 12, "num_statements": 12, "percent_covered": 100.0, "percent_covered_display": "100", "missing_lines": 0, "excluded_lines": 0, "percent_statements_covered": 100.0, "percent_statements_covered_display": "100"}, "missing_lines": [], "excluded_lines": [], "start_line": 1}}, "classes": {"": {"executed_lines": [6, 7, 8, 9, 10, 11, 13, 16, 34, 38, 39, 40, 43, 45, 47, 49, 52, 53, 54, 55, 56, 57, 63, 65, 68, 69, 70, 72, 77, 81, 83, 93, 99, 112, 113, 115, 117, 118, 121, 124, 125, 128, 141, 142, 144, 146, 147, 150, 151, 152, 155, 158, 164, 165, 168, 184, 185, 188, 189, 190, 192, 193, 194, 195, 197], "summary": {"covered_lines": 65, "num_statements": 76, "percent_covered": 85.52631578947368, "percent_covered_display": "86", "missing_lines": 11, "excluded_lines": 0, "percent_statements_covered": 85.52631578947368, "percent_statements_covered_display": "86"}, "missing_lines": [35, 58, 59, 61, 78, 85, 86, 87, 88, 90, 96], "excluded_lines": [], "start_line": 1}}}, "filesqueeze\\pptx.py": {"executed_lines": [1, 2, 5, 6, 9], "summary": {"covered_lines": 5, "num_statements": 18, "percent_covered": 27.77777777777778, "percent_covered_display": "28", "missing_lines": 13, "excluded_lines": 0, "percent_statements_covered": 27.77777777777778, "percent_statements_covered_display": "28"}, "missing_lines": [11, 12, 13, 14, 16, 22, 23, 28, 29, 31, 32, 35, 36], "excluded_lines": [], "functions": {"to_mp4": {"executed_lines": [], "summary": {"covered_lines": 0, "num_statements": 13, "percent_covered": 0.0, "percent_covered_display": "0", "missing_lines": 13, "excluded_lines": 0, "percent_statements_covered": 0.0, "percent_statements_covered_display": "0"}, "missing_lines": [11, 12, 13, 14, 16, 22, 23, 28, 29, 31, 32, 35, 36], "excluded_lines": [], "start_line": 9}, "": {"executed_lines": [1, 2, 5, 6, 9], "summary": {"covered_lines": 5, "num_statements": 5, "percent_covered": 100.0, "percent_covered_display": "100", "missing_lines": 0, "excluded_lines": 0, "percent_statements_covered": 100.0, "percent_statements_covered_display": "100"}, "missing_lines": [], "excluded_lines": [], "start_line": 1}}, "classes": {"": {"executed_lines": [1, 2, 5, 6, 9], "summary": {"covered_lines": 5, "num_statements": 18, "percent_covered": 27.77777777777778, "percent_covered_display": "28", "missing_lines": 13, "excluded_lines": 0, "percent_statements_covered": 27.77777777777778, "percent_statements_covered_display": "28"}, "missing_lines": [11, 12, 13, 14, 16, 22, 23, 28, 29, 31, 32, 35, 36], "excluded_lines": [], "start_line": 1}}}, "filesqueeze\\scanner.py": {"executed_lines": [6, 7, 8, 9, 11, 14, 17, 23, 24, 26, 36, 37, 40, 42, 43, 45, 55, 56, 60, 61, 64, 65, 66, 68, 78, 79, 81, 83, 84, 87, 88, 90, 100, 101, 104, 105, 108, 112, 113, 115, 117, 127, 128, 131, 133, 134, 135, 136, 137, 139, 140, 141, 142, 145, 146, 148, 149, 150, 151, 153, 164, 166, 168], "summary": {"covered_lines": 63, "num_statements": 65, "percent_covered": 96.92307692307692, "percent_covered_display": "97", "missing_lines": 2, "excluded_lines": 0, "percent_statements_covered": 96.92307692307692, "percent_statements_covered_display": "97"}, "missing_lines": [58, 109], "excluded_lines": [], "functions": {"FileScanner.__init__": {"executed_lines": [23, 24], "summary": {"covered_lines": 2, "num_statements": 2, "percent_covered": 100.0, "percent_covered_display": "100", "missing_lines": 0, "excluded_lines": 0, "percent_statements_covered": 100.0, "percent_statements_covered_display": "100"}, "missing_lines": [], "excluded_lines": [], "start_line": 17}, "FileScanner.is_valid_extension": {"executed_lines": [36, 37, 40, 42, 43], "summary": {"covered_lines": 5, "num_statements": 5, "percent_covered": 100.0, "percent_covered_display": "100", "missing_lines": 0, "excluded_lines": 0, "percent_statements_covered": 100.0, "percent_statements_covered_display": "100"}, "missing_lines": [], "excluded_lines": [], "start_line": 26}, "FileScanner.meets_age_requirement": {"executed_lines": [55, 56, 60, 61, 64, 65, 66], "summary": {"covered_lines": 7, "num_statements": 8, "percent_covered": 87.5, "percent_covered_display": "88", "missing_lines": 1, "excluded_lines": 0, "percent_statements_covered": 87.5, "percent_statements_covered_display": "88"}, "missing_lines": [58], "excluded_lines": [], "start_line": 45}, "FileScanner.meets_size_requirement": {"executed_lines": [78, 79, 81, 83, 84, 87, 88], "summary": {"covered_lines": 7, "num_statements": 7, "percent_covered": 100.0, "percent_covered_display": "100", "missing_lines": 0, "excluded_lines": 0, "percent_statements_covered": 100.0, "percent_statements_covered_display": "100"}, "missing_lines": [], "excluded_lines": [], "start_line": 68}, "FileScanner.is_valid_file": {"executed_lines": [100, 101, 104, 105, 108, 112, 113, 115], "summary": {"covered_lines": 8, "num_statements": 9, "percent_covered": 88.88888888888889, "percent_covered_display": "89", "missing_lines": 1, "excluded_lines": 0, "percent_statements_covered": 88.88888888888889, "percent_statements_covered_display": "89"}, "missing_lines": [109], "excluded_lines": [], "start_line": 90}, "FileScanner.scan": {"executed_lines": [127, 128, 131, 133, 134, 135, 136, 137, 139, 140, 141, 142, 145, 146, 148, 149, 150, 151], "summary": {"covered_lines": 18, "num_statements": 18, "percent_covered": 100.0, "percent_covered_display": "100", "missing_lines": 0, "excluded_lines": 0, "percent_statements_covered": 100.0, "percent_statements_covered_display": "100"}, "missing_lines": [], "excluded_lines": [], "start_line": 117}, "FileScanner.walk": {"executed_lines": [164], "summary": {"covered_lines": 1, "num_statements": 1, "percent_covered": 100.0, "percent_covered_display": "100", "missing_lines": 0, "excluded_lines": 0, "percent_statements_covered": 100.0, "percent_statements_covered_display": "100"}, "missing_lines": [], "excluded_lines": [], "start_line": 153}, "FileScanner.reset": {"executed_lines": [168], "summary": {"covered_lines": 1, "num_statements": 1, "percent_covered": 100.0, "percent_covered_display": "100", "missing_lines": 0, "excluded_lines": 0, "percent_statements_covered": 100.0, "percent_statements_covered_display": "100"}, "missing_lines": [], "excluded_lines": [], "start_line": 166}, "": {"executed_lines": [6, 7, 8, 9, 11, 14, 17, 26, 45, 68, 90, 117, 153, 166], "summary": {"covered_lines": 14, "num_statements": 14, "percent_covered": 100.0, "percent_covered_display": "100", "missing_lines": 0, "excluded_lines": 0, "percent_statements_covered": 100.0, "percent_statements_covered_display": "100"}, "missing_lines": [], "excluded_lines": [], "start_line": 1}}, "classes": {"FileScanner": {"executed_lines": [23, 24, 36, 37, 40, 42, 43, 55, 56, 60, 61, 64, 65, 66, 78, 79, 81, 83, 84, 87, 88, 100, 101, 104, 105, 108, 112, 113, 115, 127, 128, 131, 133, 134, 135, 136, 137, 139, 140, 141, 142, 145, 146, 148, 149, 150, 151, 164, 168], "summary": {"covered_lines": 49, "num_statements": 51, "percent_covered": 96.07843137254902, "percent_covered_display": "96", "missing_lines": 2, "excluded_lines": 0, "percent_statements_covered": 96.07843137254902, "percent_statements_covered_display": "96"}, "missing_lines": [58, 109], "excluded_lines": [], "start_line": 14}, "": {"executed_lines": [6, 7, 8, 9, 11, 14, 17, 26, 45, 68, 90, 117, 153, 166], "summary": {"covered_lines": 14, "num_statements": 14, "percent_covered": 100.0, "percent_covered_display": "100", "missing_lines": 0, "excluded_lines": 0, "percent_statements_covered": 100.0, "percent_statements_covered_display": "100"}, "missing_lines": [], "excluded_lines": [], "start_line": 1}}}, "filesqueeze\\service.py": {"executed_lines": [], "summary": {"covered_lines": 0, "num_statements": 130, "percent_covered": 0.0, "percent_covered_display": "0", "missing_lines": 130, "excluded_lines": 0, "percent_statements_covered": 0.0, "percent_statements_covered_display": "0"}, "missing_lines": [6, 7, 8, 9, 10, 11, 12, 14, 15, 17, 18, 21, 31, 32, 34, 35, 36, 39, 42, 43, 44, 45, 48, 54, 55, 57, 60, 63, 72, 73, 74, 75, 76, 77, 79, 85, 86, 88, 89, 91, 97, 98, 100, 101, 103, 110, 111, 112, 113, 114, 116, 118, 119, 121, 124, 125, 127, 130, 133, 134, 137, 139, 142, 147, 149, 150, 151, 152, 153, 154, 155, 156, 157, 159, 160, 163, 165, 166, 167, 169, 170, 171, 172, 173, 175, 178, 187, 188, 191, 193, 194, 199, 200, 203, 206, 214, 215, 216, 219, 222, 223, 226, 229, 235, 236, 238, 240, 241, 242, 244, 245, 246, 247, 248, 249, 250, 252, 254, 255, 256, 257, 258, 260, 262, 263, 264, 265, 266, 267, 268], "excluded_lines": [], "functions": {"show_windows_notification": {"executed_lines": [], "summary": {"covered_lines": 0, "num_statements": 14, "percent_covered": 0.0, "percent_covered_display": "0", "missing_lines": 14, "excluded_lines": 0, "percent_statements_covered": 0.0, "percent_statements_covered_display": "0"}, "missing_lines": [31, 32, 34, 35, 36, 39, 42, 43, 44, 45, 48, 54, 55, 57], "excluded_lines": [], "start_line": 21}, "CompressionHandler.__init__": {"executed_lines": [], "summary": {"covered_lines": 0, "num_statements": 6, "percent_covered": 0.0, "percent_covered_display": "0", "missing_lines": 6, "excluded_lines": 0, "percent_statements_covered": 0.0, "percent_statements_covered_display": "0"}, "missing_lines": [72, 73, 74, 75, 76, 77], "excluded_lines": [], "start_line": 63}, "CompressionHandler.on_created": {"executed_lines": [], "summary": {"covered_lines": 0, "num_statements": 4, "percent_covered": 0.0, "percent_covered_display": "0", "missing_lines": 4, "excluded_lines": 0, "percent_statements_covered": 0.0, "percent_statements_covered_display": "0"}, "missing_lines": [85, 86, 88, 89], "excluded_lines": [], "start_line": 79}, "CompressionHandler.on_moved": {"executed_lines": [], "summary": {"covered_lines": 0, "num_statements": 4, "percent_covered": 0.0, "percent_covered_display": "0", "missing_lines": 4, "excluded_lines": 0, "percent_statements_covered": 0.0, "percent_statements_covered_display": "0"}, "missing_lines": [97, 98, 100, 101], "excluded_lines": [], "start_line": 91}, "CompressionHandler._process_file": {"executed_lines": [], "summary": {"covered_lines": 0, "num_statements": 48, "percent_covered": 0.0, "percent_covered_display": "0", "missing_lines": 48, "excluded_lines": 0, "percent_statements_covered": 0.0, "percent_statements_covered_display": "0"}, "missing_lines": [110, 111, 112, 113, 114, 116, 118, 119, 121, 124, 125, 127, 130, 133, 134, 137, 139, 142, 147, 149, 150, 151, 152, 153, 154, 155, 156, 157, 159, 160, 163, 165, 166, 167, 169, 170, 171, 172, 173, 175, 178, 187, 188, 191, 193, 194, 199, 200], "excluded_lines": [], "start_line": 103}, "DirectoryWatcher.__init__": {"executed_lines": [], "summary": {"covered_lines": 0, "num_statements": 10, "percent_covered": 0.0, "percent_covered_display": "0", "missing_lines": 10, "excluded_lines": 0, "percent_statements_covered": 0.0, "percent_statements_covered_display": "0"}, "missing_lines": [214, 215, 216, 219, 222, 223, 226, 229, 235, 236], "excluded_lines": [], "start_line": 206}, "DirectoryWatcher.start": {"executed_lines": [], "summary": {"covered_lines": 0, "num_statements": 10, "percent_covered": 0.0, "percent_covered_display": "0", "missing_lines": 10, "excluded_lines": 0, "percent_statements_covered": 0.0, "percent_statements_covered_display": "0"}, "missing_lines": [240, 241, 242, 244, 245, 246, 247, 248, 249, 250], "excluded_lines": [], "start_line": 238}, "DirectoryWatcher.stop": {"executed_lines": [], "summary": {"covered_lines": 0, "num_statements": 5, "percent_covered": 0.0, "percent_covered_display": "0", "missing_lines": 5, "excluded_lines": 0, "percent_statements_covered": 0.0, "percent_statements_covered_display": "0"}, "missing_lines": [254, 255, 256, 257, 258], "excluded_lines": [], "start_line": 252}, "DirectoryWatcher.run": {"executed_lines": [], "summary": {"covered_lines": 0, "num_statements": 7, "percent_covered": 0.0, "percent_covered_display": "0", "missing_lines": 7, "excluded_lines": 0, "percent_statements_covered": 0.0, "percent_statements_covered_display": "0"}, "missing_lines": [262, 263, 264, 265, 266, 267, 268], "excluded_lines": [], "start_line": 260}, "": {"executed_lines": [], "summary": {"covered_lines": 0, "num_statements": 22, "percent_covered": 0.0, "percent_covered_display": "0", "missing_lines": 22, "excluded_lines": 0, "percent_statements_covered": 0.0, "percent_statements_covered_display": "0"}, "missing_lines": [6, 7, 8, 9, 10, 11, 12, 14, 15, 17, 18, 21, 60, 63, 79, 91, 103, 203, 206, 238, 252, 260], "excluded_lines": [], "start_line": 1}}, "classes": {"CompressionHandler": {"executed_lines": [], "summary": {"covered_lines": 0, "num_statements": 62, "percent_covered": 0.0, "percent_covered_display": "0", "missing_lines": 62, "excluded_lines": 0, "percent_statements_covered": 0.0, "percent_statements_covered_display": "0"}, "missing_lines": [72, 73, 74, 75, 76, 77, 85, 86, 88, 89, 97, 98, 100, 101, 110, 111, 112, 113, 114, 116, 118, 119, 121, 124, 125, 127, 130, 133, 134, 137, 139, 142, 147, 149, 150, 151, 152, 153, 154, 155, 156, 157, 159, 160, 163, 165, 166, 167, 169, 170, 171, 172, 173, 175, 178, 187, 188, 191, 193, 194, 199, 200], "excluded_lines": [], "start_line": 60}, "DirectoryWatcher": {"executed_lines": [], "summary": {"covered_lines": 0, "num_statements": 32, "percent_covered": 0.0, "percent_covered_display": "0", "missing_lines": 32, "excluded_lines": 0, "percent_statements_covered": 0.0, "percent_statements_covered_display": "0"}, "missing_lines": [214, 215, 216, 219, 222, 223, 226, 229, 235, 236, 240, 241, 242, 244, 245, 246, 247, 248, 249, 250, 254, 255, 256, 257, 258, 262, 263, 264, 265, 266, 267, 268], "excluded_lines": [], "start_line": 203}, "": {"executed_lines": [], "summary": {"covered_lines": 0, "num_statements": 36, "percent_covered": 0.0, "percent_covered_display": "0", "missing_lines": 36, "excluded_lines": 0, "percent_statements_covered": 0.0, "percent_statements_covered_display": "0"}, "missing_lines": [6, 7, 8, 9, 10, 11, 12, 14, 15, 17, 18, 21, 31, 32, 34, 35, 36, 39, 42, 43, 44, 45, 48, 54, 55, 57, 60, 63, 79, 91, 103, 203, 206, 238, 252, 260], "excluded_lines": [], "start_line": 1}}}, "filesqueeze\\tray.py": {"executed_lines": [], "summary": {"covered_lines": 0, "num_statements": 91, "percent_covered": 0.0, "percent_covered_display": "0", "missing_lines": 91, "excluded_lines": 0, "percent_statements_covered": 0.0, "percent_statements_covered_display": "0"}, "missing_lines": [6, 7, 8, 9, 10, 12, 13, 15, 16, 17, 20, 23, 31, 32, 33, 34, 37, 40, 41, 43, 50, 51, 52, 55, 58, 60, 62, 69, 70, 72, 79, 80, 81, 84, 85, 88, 95, 96, 97, 99, 101, 102, 103, 104, 105, 107, 108, 109, 111, 118, 119, 120, 122, 124, 125, 126, 127, 128, 130, 131, 132, 134, 141, 149, 152, 153, 156, 157, 158, 159, 161, 163, 165, 168, 169, 172, 175, 184, 185, 187, 190, 192, 194, 195, 196, 197, 198, 199, 202, 210, 211], "excluded_lines": [], "functions": {"TrayService.__init__": {"executed_lines": [], "summary": {"covered_lines": 0, "num_statements": 7, "percent_covered": 0.0, "percent_covered_display": "0", "missing_lines": 7, "excluded_lines": 0, "percent_statements_covered": 0.0, "percent_statements_covered_display": "0"}, "missing_lines": [31, 32, 33, 34, 37, 40, 41], "excluded_lines": [], "start_line": 23}, "TrayService._create_icon_image": {"executed_lines": [], "summary": {"covered_lines": 0, "num_statements": 6, "percent_covered": 0.0, "percent_covered_display": "0", "missing_lines": 6, "excluded_lines": 0, "percent_statements_covered": 0.0, "percent_statements_covered_display": "0"}, "missing_lines": [50, 51, 52, 55, 58, 60], "excluded_lines": [], "start_line": 43}, "TrayService._on_quit": {"executed_lines": [], "summary": {"covered_lines": 0, "num_statements": 2, "percent_covered": 0.0, "percent_covered_display": "0", "missing_lines": 2, "excluded_lines": 0, "percent_statements_covered": 0.0, "percent_statements_covered_display": "0"}, "missing_lines": [69, 70], "excluded_lines": [], "start_line": 62}, "TrayService._on_toggle_pause": {"executed_lines": [], "summary": {"covered_lines": 0, "num_statements": 5, "percent_covered": 0.0, "percent_covered_display": "0", "missing_lines": 5, "excluded_lines": 0, "percent_statements_covered": 0.0, "percent_statements_covered_display": "0"}, "missing_lines": [79, 80, 81, 84, 85], "excluded_lines": [], "start_line": 72}, "TrayService._on_open_input": {"executed_lines": [], "summary": {"covered_lines": 0, "num_statements": 12, "percent_covered": 0.0, "percent_covered_display": "0", "missing_lines": 12, "excluded_lines": 0, "percent_statements_covered": 0.0, "percent_statements_covered_display": "0"}, "missing_lines": [95, 96, 97, 99, 101, 102, 103, 104, 105, 107, 108, 109], "excluded_lines": [], "start_line": 88}, "TrayService._on_open_output": {"executed_lines": [], "summary": {"covered_lines": 0, "num_statements": 12, "percent_covered": 0.0, "percent_covered_display": "0", "missing_lines": 12, "excluded_lines": 0, "percent_statements_covered": 0.0, "percent_statements_covered_display": "0"}, "missing_lines": [118, 119, 120, 122, 124, 125, 126, 127, 128, 130, 131, 132], "excluded_lines": [], "start_line": 111}, "TrayService._on_show_status": {"executed_lines": [], "summary": {"covered_lines": 0, "num_statements": 9, "percent_covered": 0.0, "percent_covered_display": "0", "missing_lines": 9, "excluded_lines": 0, "percent_statements_covered": 0.0, "percent_statements_covered_display": "0"}, "missing_lines": [141, 149, 152, 153, 156, 157, 158, 159, 161], "excluded_lines": [], "start_line": 134}, "TrayService.start": {"executed_lines": [], "summary": {"covered_lines": 0, "num_statements": 9, "percent_covered": 0.0, "percent_covered_display": "0", "missing_lines": 9, "excluded_lines": 0, "percent_statements_covered": 0.0, "percent_statements_covered_display": "0"}, "missing_lines": [165, 168, 169, 172, 175, 184, 185, 187, 190], "excluded_lines": [], "start_line": 163}, "TrayService.stop": {"executed_lines": [], "summary": {"covered_lines": 0, "num_statements": 6, "percent_covered": 0.0, "percent_covered_display": "0", "missing_lines": 6, "excluded_lines": 0, "percent_statements_covered": 0.0, "percent_statements_covered_display": "0"}, "missing_lines": [194, 195, 196, 197, 198, 199], "excluded_lines": [], "start_line": 192}, "run_service": {"executed_lines": [], "summary": {"covered_lines": 0, "num_statements": 2, "percent_covered": 0.0, "percent_covered_display": "0", "missing_lines": 2, "excluded_lines": 0, "percent_statements_covered": 0.0, "percent_statements_covered_display": "0"}, "missing_lines": [210, 211], "excluded_lines": [], "start_line": 202}, "": {"executed_lines": [], "summary": {"covered_lines": 0, "num_statements": 21, "percent_covered": 0.0, "percent_covered_display": "0", "missing_lines": 21, "excluded_lines": 0, "percent_statements_covered": 0.0, "percent_statements_covered_display": "0"}, "missing_lines": [6, 7, 8, 9, 10, 12, 13, 15, 16, 17, 20, 23, 43, 62, 72, 88, 111, 134, 163, 192, 202], "excluded_lines": [], "start_line": 1}}, "classes": {"TrayService": {"executed_lines": [], "summary": {"covered_lines": 0, "num_statements": 68, "percent_covered": 0.0, "percent_covered_display": "0", "missing_lines": 68, "excluded_lines": 0, "percent_statements_covered": 0.0, "percent_statements_covered_display": "0"}, "missing_lines": [31, 32, 33, 34, 37, 40, 41, 50, 51, 52, 55, 58, 60, 69, 70, 79, 80, 81, 84, 85, 95, 96, 97, 99, 101, 102, 103, 104, 105, 107, 108, 109, 118, 119, 120, 122, 124, 125, 126, 127, 128, 130, 131, 132, 141, 149, 152, 153, 156, 157, 158, 159, 161, 165, 168, 169, 172, 175, 184, 185, 187, 190, 194, 195, 196, 197, 198, 199], "excluded_lines": [], "start_line": 20}, "": {"executed_lines": [], "summary": {"covered_lines": 0, "num_statements": 23, "percent_covered": 0.0, "percent_covered_display": "0", "missing_lines": 23, "excluded_lines": 0, "percent_statements_covered": 0.0, "percent_statements_covered_display": "0"}, "missing_lines": [6, 7, 8, 9, 10, 12, 13, 15, 16, 17, 20, 23, 43, 62, 72, 88, 111, 134, 163, 192, 202, 210, 211], "excluded_lines": [], "start_line": 1}}}, "filesqueeze\\video.py": {"executed_lines": [6, 7, 8, 9, 12, 21, 25, 26, 27, 31, 32, 37, 38, 47, 57, 58, 59, 63, 69, 70, 75, 76, 85, 98, 100, 109, 110, 122, 123, 124, 129, 142, 144, 152, 153, 165, 168, 200, 209, 210, 211, 212, 213, 215, 218, 233, 234, 236, 238, 246, 247, 254, 258], "summary": {"covered_lines": 53, "num_statements": 87, "percent_covered": 60.91954022988506, "percent_covered_display": "61", "missing_lines": 34, "excluded_lines": 0, "percent_statements_covered": 60.91954022988506, "percent_statements_covered_display": "61"}, "missing_lines": [22, 28, 39, 40, 42, 60, 64, 65, 66, 77, 78, 80, 117, 118, 119, 120, 126, 160, 161, 162, 163, 201, 202, 203, 204, 205, 206, 235, 248, 249, 250, 251, 255, 259], "excluded_lines": [], "functions": {"get_ffmpeg_path": {"executed_lines": [21, 25, 26, 27, 31, 32, 37, 38], "summary": {"covered_lines": 8, "num_statements": 13, "percent_covered": 61.53846153846154, "percent_covered_display": "62", "missing_lines": 5, "excluded_lines": 0, "percent_statements_covered": 61.53846153846154, "percent_statements_covered_display": "62"}, "missing_lines": [22, 28, 39, 40, 42], "excluded_lines": [], "start_line": 12}, "get_ffprobe_path": {"executed_lines": [57, 58, 59, 63, 69, 70, 75, 76], "summary": {"covered_lines": 8, "num_statements": 15, "percent_covered": 53.333333333333336, "percent_covered_display": "53", "missing_lines": 7, "excluded_lines": 0, "percent_statements_covered": 53.333333333333336, "percent_statements_covered_display": "53"}, "missing_lines": [60, 64, 65, 66, 77, 78, 80], "excluded_lines": [], "start_line": 47}, "width_height": {"executed_lines": [98, 100, 109, 110, 122, 123, 124], "summary": {"covered_lines": 7, "num_statements": 12, "percent_covered": 58.333333333333336, "percent_covered_display": "58", "missing_lines": 5, "excluded_lines": 0, "percent_statements_covered": 58.333333333333336, "percent_statements_covered_display": "58"}, "missing_lines": [117, 118, 119, 120, 126], "excluded_lines": [], "start_line": 85}, "duration": {"executed_lines": [142, 144, 152, 153, 165], "summary": {"covered_lines": 5, "num_statements": 9, "percent_covered": 55.55555555555556, "percent_covered_display": "56", "missing_lines": 4, "excluded_lines": 0, "percent_statements_covered": 55.55555555555556, "percent_statements_covered_display": "56"}, "missing_lines": [160, 161, 162, 163], "excluded_lines": [], "start_line": 129}, "compress": {"executed_lines": [200, 209, 210, 211, 212, 213, 215, 218, 233, 234, 236, 238, 246, 247, 254, 258], "summary": {"covered_lines": 16, "num_statements": 29, "percent_covered": 55.172413793103445, "percent_covered_display": "55", "missing_lines": 13, "excluded_lines": 0, "percent_statements_covered": 55.172413793103445, "percent_statements_covered_display": "55"}, "missing_lines": [201, 202, 203, 204, 205, 206, 235, 248, 249, 250, 251, 255, 259], "excluded_lines": [], "start_line": 168}, "": {"executed_lines": [6, 7, 8, 9, 12, 47, 85, 129, 168], "summary": {"covered_lines": 9, "num_statements": 9, "percent_covered": 100.0, "percent_covered_display": "100", "missing_lines": 0, "excluded_lines": 0, "percent_statements_covered": 100.0, "percent_statements_covered_display": "100"}, "missing_lines": [], "excluded_lines": [], "start_line": 1}}, "classes": {"": {"executed_lines": [6, 7, 8, 9, 12, 21, 25, 26, 27, 31, 32, 37, 38, 47, 57, 58, 59, 63, 69, 70, 75, 76, 85, 98, 100, 109, 110, 122, 123, 124, 129, 142, 144, 152, 153, 165, 168, 200, 209, 210, 211, 212, 213, 215, 218, 233, 234, 236, 238, 246, 247, 254, 258], "summary": {"covered_lines": 53, "num_statements": 87, "percent_covered": 60.91954022988506, "percent_covered_display": "61", "missing_lines": 34, "excluded_lines": 0, "percent_statements_covered": 60.91954022988506, "percent_statements_covered_display": "61"}, "missing_lines": [22, 28, 39, 40, 42, 60, 64, 65, 66, 77, 78, 80, 117, 118, 119, 120, 126, 160, 161, 162, 163, 201, 202, 203, 204, 205, 206, 235, 248, 249, 250, 251, 255, 259], "excluded_lines": [], "start_line": 1}}}}, "totals": {"covered_lines": 604, "num_statements": 1503, "percent_covered": 40.18629407850965, "percent_covered_display": "40", "missing_lines": 899, "excluded_lines": 0, "percent_statements_covered": 40.18629407850965, "percent_statements_covered_display": "40"}}